[0.103s] DEBUG:colcon:Command line arguments: ['/usr/bin/colcon', 'build']
[0.103s] DEBUG:colcon:Parsed command line arguments: Namespace(log_base=None, log_level=None, verb_name='build', build_base='build', install_base='install', merge_install=False, symlink_install=False, test_result_base=None, continue_on_error=False, executor='parallel', parallel_workers=18, event_handlers=None, ignore_user_meta=False, metas=['./colcon.meta'], base_paths=['.'], packages_ignore=None, packages_ignore_regex=None, paths=None, packages_up_to=None, packages_up_to_regex=None, packages_above=None, packages_above_and_dependencies=None, packages_above_depth=None, packages_select_by_dep=None, packages_skip_by_dep=None, packages_skip_up_to=None, packages_select_build_failed=False, packages_skip_build_finished=False, packages_select_test_failures=False, packages_skip_test_passed=False, packages_select=None, packages_skip=None, packages_select_regex=None, packages_skip_regex=None, packages_start=None, packages_end=None, allow_overriding=[], cmake_args=None, cmake_target=None, cmake_target_skip_unavailable=False, cmake_clean_cache=False, cmake_clean_first=False, cmake_force_configure=False, ament_cmake_args=None, catkin_cmake_args=None, catkin_skip_building_tests=False, verb_parser=<colcon_defaults.argument_parser.defaults.DefaultArgumentsDecorator object at 0x70adf0660700>, verb_extension=<colcon_core.verb.build.BuildVerb object at 0x70adf07d4d90>, main=<bound method BuildVerb.main of <colcon_core.verb.build.BuildVerb object at 0x70adf07d4d90>>)
[0.241s] Level 1:colcon.colcon_core.package_discovery:discover_packages(colcon_meta) check parameters
[0.242s] Level 1:colcon.colcon_core.package_discovery:discover_packages(recursive) check parameters
[0.242s] Level 1:colcon.colcon_core.package_discovery:discover_packages(ignore) check parameters
[0.242s] Level 1:colcon.colcon_core.package_discovery:discover_packages(path) check parameters
[0.242s] Level 1:colcon.colcon_core.package_discovery:discover_packages(colcon_meta) discover
[0.242s] Level 1:colcon.colcon_core.package_discovery:discover_packages(recursive) discover
[0.242s] INFO:colcon.colcon_core.package_discovery:Crawling recursively for packages in '/home/robot/ros2_cr5_sim_ws'
[0.242s] Level 1:colcon.colcon_core.package_identification:_identify(.) by extensions ['ignore', 'ignore_ament_install']
[0.242s] Level 1:colcon.colcon_core.package_identification:_identify(.) by extension 'ignore'
[0.242s] Level 1:colcon.colcon_core.package_identification:_identify(.) by extension 'ignore_ament_install'
[0.242s] Level 1:colcon.colcon_core.package_identification:_identify(.) by extensions ['colcon_pkg']
[0.242s] Level 1:colcon.colcon_core.package_identification:_identify(.) by extension 'colcon_pkg'
[0.242s] Level 1:colcon.colcon_core.package_identification:_identify(.) by extensions ['colcon_meta']
[0.242s] Level 1:colcon.colcon_core.package_identification:_identify(.) by extension 'colcon_meta'
[0.242s] Level 1:colcon.colcon_core.package_identification:_identify(.) by extensions ['ros']
[0.242s] Level 1:colcon.colcon_core.package_identification:_identify(.) by extension 'ros'
[0.253s] Level 1:colcon.colcon_core.package_identification:_identify(.) by extensions ['cmake', 'python']
[0.253s] Level 1:colcon.colcon_core.package_identification:_identify(.) by extension 'cmake'
[0.253s] Level 1:colcon.colcon_core.package_identification:_identify(.) by extension 'python'
[0.253s] Level 1:colcon.colcon_core.package_identification:_identify(.) by extensions ['python_setup_py']
[0.253s] Level 1:colcon.colcon_core.package_identification:_identify(.) by extension 'python_setup_py'
[0.253s] Level 1:colcon.colcon_core.package_identification:_identify(build) by extensions ['ignore', 'ignore_ament_install']
[0.253s] Level 1:colcon.colcon_core.package_identification:_identify(build) by extension 'ignore'
[0.253s] Level 1:colcon.colcon_core.package_identification:_identify(build) ignored
[0.253s] Level 1:colcon.colcon_core.package_identification:_identify(install) by extensions ['ignore', 'ignore_ament_install']
[0.253s] Level 1:colcon.colcon_core.package_identification:_identify(install) by extension 'ignore'
[0.253s] Level 1:colcon.colcon_core.package_identification:_identify(install) ignored
[0.253s] Level 1:colcon.colcon_core.package_identification:_identify(log) by extensions ['ignore', 'ignore_ament_install']
[0.253s] Level 1:colcon.colcon_core.package_identification:_identify(log) by extension 'ignore'
[0.253s] Level 1:colcon.colcon_core.package_identification:_identify(log) ignored
[0.254s] Level 1:colcon.colcon_core.package_identification:_identify(src) by extensions ['ignore', 'ignore_ament_install']
[0.254s] Level 1:colcon.colcon_core.package_identification:_identify(src) by extension 'ignore'
[0.254s] Level 1:colcon.colcon_core.package_identification:_identify(src) by extension 'ignore_ament_install'
[0.254s] Level 1:colcon.colcon_core.package_identification:_identify(src) by extensions ['colcon_pkg']
[0.254s] Level 1:colcon.colcon_core.package_identification:_identify(src) by extension 'colcon_pkg'
[0.254s] Level 1:colcon.colcon_core.package_identification:_identify(src) by extensions ['colcon_meta']
[0.254s] Level 1:colcon.colcon_core.package_identification:_identify(src) by extension 'colcon_meta'
[0.254s] Level 1:colcon.colcon_core.package_identification:_identify(src) by extensions ['ros']
[0.254s] Level 1:colcon.colcon_core.package_identification:_identify(src) by extension 'ros'
[0.254s] Level 1:colcon.colcon_core.package_identification:_identify(src) by extensions ['cmake', 'python']
[0.254s] Level 1:colcon.colcon_core.package_identification:_identify(src) by extension 'cmake'
[0.254s] Level 1:colcon.colcon_core.package_identification:_identify(src) by extension 'python'
[0.254s] Level 1:colcon.colcon_core.package_identification:_identify(src) by extensions ['python_setup_py']
[0.254s] Level 1:colcon.colcon_core.package_identification:_identify(src) by extension 'python_setup_py'
[0.254s] Level 1:colcon.colcon_core.package_identification:_identify(src/cpp_general_pkg) by extensions ['ignore', 'ignore_ament_install']
[0.254s] Level 1:colcon.colcon_core.package_identification:_identify(src/cpp_general_pkg) by extension 'ignore'
[0.254s] Level 1:colcon.colcon_core.package_identification:_identify(src/cpp_general_pkg) by extension 'ignore_ament_install'
[0.254s] Level 1:colcon.colcon_core.package_identification:_identify(src/cpp_general_pkg) by extensions ['colcon_pkg']
[0.254s] Level 1:colcon.colcon_core.package_identification:_identify(src/cpp_general_pkg) by extension 'colcon_pkg'
[0.254s] Level 1:colcon.colcon_core.package_identification:_identify(src/cpp_general_pkg) by extensions ['colcon_meta']
[0.254s] Level 1:colcon.colcon_core.package_identification:_identify(src/cpp_general_pkg) by extension 'colcon_meta'
[0.254s] Level 1:colcon.colcon_core.package_identification:_identify(src/cpp_general_pkg) by extensions ['ros']
[0.254s] Level 1:colcon.colcon_core.package_identification:_identify(src/cpp_general_pkg) by extension 'ros'
[0.258s] DEBUG:colcon.colcon_core.package_identification:Package 'src/cpp_general_pkg' with type 'ros.ament_cmake' and name 'cpp_general_pkg'
[0.258s] Level 1:colcon.colcon_core.package_identification:_identify(src/python_general_pkg) by extensions ['ignore', 'ignore_ament_install']
[0.258s] Level 1:colcon.colcon_core.package_identification:_identify(src/python_general_pkg) by extension 'ignore'
[0.258s] Level 1:colcon.colcon_core.package_identification:_identify(src/python_general_pkg) by extension 'ignore_ament_install'
[0.258s] Level 1:colcon.colcon_core.package_identification:_identify(src/python_general_pkg) by extensions ['colcon_pkg']
[0.258s] Level 1:colcon.colcon_core.package_identification:_identify(src/python_general_pkg) by extension 'colcon_pkg'
[0.258s] Level 1:colcon.colcon_core.package_identification:_identify(src/python_general_pkg) by extensions ['colcon_meta']
[0.258s] Level 1:colcon.colcon_core.package_identification:_identify(src/python_general_pkg) by extension 'colcon_meta'
[0.258s] Level 1:colcon.colcon_core.package_identification:_identify(src/python_general_pkg) by extensions ['ros']
[0.258s] Level 1:colcon.colcon_core.package_identification:_identify(src/python_general_pkg) by extension 'ros'
[0.259s] DEBUG:colcon.colcon_core.package_identification:Package 'src/python_general_pkg' with type 'ros.ament_python' and name 'python_general_pkg'
[0.259s] Level 1:colcon.colcon_core.package_identification:_identify(urdf) by extensions ['ignore', 'ignore_ament_install']
[0.259s] Level 1:colcon.colcon_core.package_identification:_identify(urdf) by extension 'ignore'
[0.259s] Level 1:colcon.colcon_core.package_identification:_identify(urdf) by extension 'ignore_ament_install'
[0.259s] Level 1:colcon.colcon_core.package_identification:_identify(urdf) by extensions ['colcon_pkg']
[0.259s] Level 1:colcon.colcon_core.package_identification:_identify(urdf) by extension 'colcon_pkg'
[0.259s] Level 1:colcon.colcon_core.package_identification:_identify(urdf) by extensions ['colcon_meta']
[0.259s] Level 1:colcon.colcon_core.package_identification:_identify(urdf) by extension 'colcon_meta'
[0.259s] Level 1:colcon.colcon_core.package_identification:_identify(urdf) by extensions ['ros']
[0.259s] Level 1:colcon.colcon_core.package_identification:_identify(urdf) by extension 'ros'
[0.259s] Level 1:colcon.colcon_core.package_identification:_identify(urdf) by extensions ['cmake', 'python']
[0.260s] Level 1:colcon.colcon_core.package_identification:_identify(urdf) by extension 'cmake'
[0.260s] Level 1:colcon.colcon_core.package_identification:_identify(urdf) by extension 'python'
[0.260s] Level 1:colcon.colcon_core.package_identification:_identify(urdf) by extensions ['python_setup_py']
[0.260s] Level 1:colcon.colcon_core.package_identification:_identify(urdf) by extension 'python_setup_py'
[0.260s] Level 1:colcon.colcon_core.package_identification:_identify(urdf/CR5URDF) by extensions ['ignore', 'ignore_ament_install']
[0.260s] Level 1:colcon.colcon_core.package_identification:_identify(urdf/CR5URDF) by extension 'ignore'
[0.260s] Level 1:colcon.colcon_core.package_identification:_identify(urdf/CR5URDF) by extension 'ignore_ament_install'
[0.260s] Level 1:colcon.colcon_core.package_identification:_identify(urdf/CR5URDF) by extensions ['colcon_pkg']
[0.260s] Level 1:colcon.colcon_core.package_identification:_identify(urdf/CR5URDF) by extension 'colcon_pkg'
[0.260s] Level 1:colcon.colcon_core.package_identification:_identify(urdf/CR5URDF) by extensions ['colcon_meta']
[0.260s] Level 1:colcon.colcon_core.package_identification:_identify(urdf/CR5URDF) by extension 'colcon_meta'
[0.260s] Level 1:colcon.colcon_core.package_identification:_identify(urdf/CR5URDF) by extensions ['ros']
[0.260s] Level 1:colcon.colcon_core.package_identification:_identify(urdf/CR5URDF) by extension 'ros'
[0.260s] Level 1:colcon.colcon_core.package_identification:_identify(urdf/CR5URDF) by extensions ['cmake', 'python']
[0.260s] Level 1:colcon.colcon_core.package_identification:_identify(urdf/CR5URDF) by extension 'cmake'
[0.260s] Level 1:colcon.colcon_core.package_identification:_identify(urdf/CR5URDF) by extension 'python'
[0.260s] Level 1:colcon.colcon_core.package_identification:_identify(urdf/CR5URDF) by extensions ['python_setup_py']
[0.260s] Level 1:colcon.colcon_core.package_identification:_identify(urdf/CR5URDF) by extension 'python_setup_py'
[0.260s] Level 1:colcon.colcon_core.package_identification:_identify(urdf/CR5URDF/configuration) by extensions ['ignore', 'ignore_ament_install']
[0.260s] Level 1:colcon.colcon_core.package_identification:_identify(urdf/CR5URDF/configuration) by extension 'ignore'
[0.260s] Level 1:colcon.colcon_core.package_identification:_identify(urdf/CR5URDF/configuration) by extension 'ignore_ament_install'
[0.260s] Level 1:colcon.colcon_core.package_identification:_identify(urdf/CR5URDF/configuration) by extensions ['colcon_pkg']
[0.260s] Level 1:colcon.colcon_core.package_identification:_identify(urdf/CR5URDF/configuration) by extension 'colcon_pkg'
[0.260s] Level 1:colcon.colcon_core.package_identification:_identify(urdf/CR5URDF/configuration) by extensions ['colcon_meta']
[0.260s] Level 1:colcon.colcon_core.package_identification:_identify(urdf/CR5URDF/configuration) by extension 'colcon_meta'
[0.260s] Level 1:colcon.colcon_core.package_identification:_identify(urdf/CR5URDF/configuration) by extensions ['ros']
[0.260s] Level 1:colcon.colcon_core.package_identification:_identify(urdf/CR5URDF/configuration) by extension 'ros'
[0.260s] Level 1:colcon.colcon_core.package_identification:_identify(urdf/CR5URDF/configuration) by extensions ['cmake', 'python']
[0.260s] Level 1:colcon.colcon_core.package_identification:_identify(urdf/CR5URDF/configuration) by extension 'cmake'
[0.260s] Level 1:colcon.colcon_core.package_identification:_identify(urdf/CR5URDF/configuration) by extension 'python'
[0.260s] Level 1:colcon.colcon_core.package_identification:_identify(urdf/CR5URDF/configuration) by extensions ['python_setup_py']
[0.260s] Level 1:colcon.colcon_core.package_identification:_identify(urdf/CR5URDF/configuration) by extension 'python_setup_py'
[0.260s] Level 1:colcon.colcon_core.package_identification:_identify(urdf/bullet_simulation_pkg) by extensions ['ignore', 'ignore_ament_install']
[0.260s] Level 1:colcon.colcon_core.package_identification:_identify(urdf/bullet_simulation_pkg) by extension 'ignore'
[0.261s] Level 1:colcon.colcon_core.package_identification:_identify(urdf/bullet_simulation_pkg) by extension 'ignore_ament_install'
[0.261s] Level 1:colcon.colcon_core.package_identification:_identify(urdf/bullet_simulation_pkg) by extensions ['colcon_pkg']
[0.261s] Level 1:colcon.colcon_core.package_identification:_identify(urdf/bullet_simulation_pkg) by extension 'colcon_pkg'
[0.261s] Level 1:colcon.colcon_core.package_identification:_identify(urdf/bullet_simulation_pkg) by extensions ['colcon_meta']
[0.261s] Level 1:colcon.colcon_core.package_identification:_identify(urdf/bullet_simulation_pkg) by extension 'colcon_meta'
[0.261s] Level 1:colcon.colcon_core.package_identification:_identify(urdf/bullet_simulation_pkg) by extensions ['ros']
[0.261s] Level 1:colcon.colcon_core.package_identification:_identify(urdf/bullet_simulation_pkg) by extension 'ros'
[0.261s] Level 1:colcon.colcon_core.package_identification:_identify(urdf/bullet_simulation_pkg) by extensions ['cmake', 'python']
[0.261s] Level 1:colcon.colcon_core.package_identification:_identify(urdf/bullet_simulation_pkg) by extension 'cmake'
[0.261s] Level 1:colcon.colcon_core.package_identification:_identify(urdf/bullet_simulation_pkg) by extension 'python'
[0.261s] Level 1:colcon.colcon_core.package_identification:_identify(urdf/bullet_simulation_pkg) by extensions ['python_setup_py']
[0.261s] Level 1:colcon.colcon_core.package_identification:_identify(urdf/bullet_simulation_pkg) by extension 'python_setup_py'
[0.261s] Level 1:colcon.colcon_core.package_identification:_identify(urdf/bullet_simulation_pkg/meshes) by extensions ['ignore', 'ignore_ament_install']
[0.261s] Level 1:colcon.colcon_core.package_identification:_identify(urdf/bullet_simulation_pkg/meshes) by extension 'ignore'
[0.261s] Level 1:colcon.colcon_core.package_identification:_identify(urdf/bullet_simulation_pkg/meshes) by extension 'ignore_ament_install'
[0.261s] Level 1:colcon.colcon_core.package_identification:_identify(urdf/bullet_simulation_pkg/meshes) by extensions ['colcon_pkg']
[0.261s] Level 1:colcon.colcon_core.package_identification:_identify(urdf/bullet_simulation_pkg/meshes) by extension 'colcon_pkg'
[0.261s] Level 1:colcon.colcon_core.package_identification:_identify(urdf/bullet_simulation_pkg/meshes) by extensions ['colcon_meta']
[0.261s] Level 1:colcon.colcon_core.package_identification:_identify(urdf/bullet_simulation_pkg/meshes) by extension 'colcon_meta'
[0.261s] Level 1:colcon.colcon_core.package_identification:_identify(urdf/bullet_simulation_pkg/meshes) by extensions ['ros']
[0.261s] Level 1:colcon.colcon_core.package_identification:_identify(urdf/bullet_simulation_pkg/meshes) by extension 'ros'
[0.261s] Level 1:colcon.colcon_core.package_identification:_identify(urdf/bullet_simulation_pkg/meshes) by extensions ['cmake', 'python']
[0.261s] Level 1:colcon.colcon_core.package_identification:_identify(urdf/bullet_simulation_pkg/meshes) by extension 'cmake'
[0.261s] Level 1:colcon.colcon_core.package_identification:_identify(urdf/bullet_simulation_pkg/meshes) by extension 'python'
[0.261s] Level 1:colcon.colcon_core.package_identification:_identify(urdf/bullet_simulation_pkg/meshes) by extensions ['python_setup_py']
[0.261s] Level 1:colcon.colcon_core.package_identification:_identify(urdf/bullet_simulation_pkg/meshes) by extension 'python_setup_py'
[0.261s] Level 1:colcon.colcon_core.package_identification:_identify(urdf/bullet_simulation_pkg/meshes/cr5_arm) by extensions ['ignore', 'ignore_ament_install']
[0.261s] Level 1:colcon.colcon_core.package_identification:_identify(urdf/bullet_simulation_pkg/meshes/cr5_arm) by extension 'ignore'
[0.261s] Level 1:colcon.colcon_core.package_identification:_identify(urdf/bullet_simulation_pkg/meshes/cr5_arm) by extension 'ignore_ament_install'
[0.261s] Level 1:colcon.colcon_core.package_identification:_identify(urdf/bullet_simulation_pkg/meshes/cr5_arm) by extensions ['colcon_pkg']
[0.261s] Level 1:colcon.colcon_core.package_identification:_identify(urdf/bullet_simulation_pkg/meshes/cr5_arm) by extension 'colcon_pkg'
[0.261s] Level 1:colcon.colcon_core.package_identification:_identify(urdf/bullet_simulation_pkg/meshes/cr5_arm) by extensions ['colcon_meta']
[0.261s] Level 1:colcon.colcon_core.package_identification:_identify(urdf/bullet_simulation_pkg/meshes/cr5_arm) by extension 'colcon_meta'
[0.261s] Level 1:colcon.colcon_core.package_identification:_identify(urdf/bullet_simulation_pkg/meshes/cr5_arm) by extensions ['ros']
[0.261s] Level 1:colcon.colcon_core.package_identification:_identify(urdf/bullet_simulation_pkg/meshes/cr5_arm) by extension 'ros'
[0.261s] Level 1:colcon.colcon_core.package_identification:_identify(urdf/bullet_simulation_pkg/meshes/cr5_arm) by extensions ['cmake', 'python']
[0.262s] Level 1:colcon.colcon_core.package_identification:_identify(urdf/bullet_simulation_pkg/meshes/cr5_arm) by extension 'cmake'
[0.262s] Level 1:colcon.colcon_core.package_identification:_identify(urdf/bullet_simulation_pkg/meshes/cr5_arm) by extension 'python'
[0.262s] Level 1:colcon.colcon_core.package_identification:_identify(urdf/bullet_simulation_pkg/meshes/cr5_arm) by extensions ['python_setup_py']
[0.262s] Level 1:colcon.colcon_core.package_identification:_identify(urdf/bullet_simulation_pkg/meshes/cr5_arm) by extension 'python_setup_py'
[0.262s] Level 1:colcon.colcon_core.package_identification:_identify(urdf/bullet_simulation_pkg/meshes/dexh13_left) by extensions ['ignore', 'ignore_ament_install']
[0.262s] Level 1:colcon.colcon_core.package_identification:_identify(urdf/bullet_simulation_pkg/meshes/dexh13_left) by extension 'ignore'
[0.262s] Level 1:colcon.colcon_core.package_identification:_identify(urdf/bullet_simulation_pkg/meshes/dexh13_left) by extension 'ignore_ament_install'
[0.262s] Level 1:colcon.colcon_core.package_identification:_identify(urdf/bullet_simulation_pkg/meshes/dexh13_left) by extensions ['colcon_pkg']
[0.262s] Level 1:colcon.colcon_core.package_identification:_identify(urdf/bullet_simulation_pkg/meshes/dexh13_left) by extension 'colcon_pkg'
[0.262s] Level 1:colcon.colcon_core.package_identification:_identify(urdf/bullet_simulation_pkg/meshes/dexh13_left) by extensions ['colcon_meta']
[0.262s] Level 1:colcon.colcon_core.package_identification:_identify(urdf/bullet_simulation_pkg/meshes/dexh13_left) by extension 'colcon_meta'
[0.262s] Level 1:colcon.colcon_core.package_identification:_identify(urdf/bullet_simulation_pkg/meshes/dexh13_left) by extensions ['ros']
[0.262s] Level 1:colcon.colcon_core.package_identification:_identify(urdf/bullet_simulation_pkg/meshes/dexh13_left) by extension 'ros'
[0.263s] DEBUG:colcon.colcon_core.package_identification:Package 'urdf/bullet_simulation_pkg/meshes/dexh13_left' with type 'ros.catkin' and name 'dexh13_left'
[0.263s] Level 1:colcon.colcon_core.package_identification:_identify(urdf/bullet_simulation_pkg/meshes/dexh13_right) by extensions ['ignore', 'ignore_ament_install']
[0.263s] Level 1:colcon.colcon_core.package_identification:_identify(urdf/bullet_simulation_pkg/meshes/dexh13_right) by extension 'ignore'
[0.263s] Level 1:colcon.colcon_core.package_identification:_identify(urdf/bullet_simulation_pkg/meshes/dexh13_right) by extension 'ignore_ament_install'
[0.263s] Level 1:colcon.colcon_core.package_identification:_identify(urdf/bullet_simulation_pkg/meshes/dexh13_right) by extensions ['colcon_pkg']
[0.263s] Level 1:colcon.colcon_core.package_identification:_identify(urdf/bullet_simulation_pkg/meshes/dexh13_right) by extension 'colcon_pkg'
[0.264s] Level 1:colcon.colcon_core.package_identification:_identify(urdf/bullet_simulation_pkg/meshes/dexh13_right) by extensions ['colcon_meta']
[0.264s] Level 1:colcon.colcon_core.package_identification:_identify(urdf/bullet_simulation_pkg/meshes/dexh13_right) by extension 'colcon_meta'
[0.264s] Level 1:colcon.colcon_core.package_identification:_identify(urdf/bullet_simulation_pkg/meshes/dexh13_right) by extensions ['ros']
[0.264s] Level 1:colcon.colcon_core.package_identification:_identify(urdf/bullet_simulation_pkg/meshes/dexh13_right) by extension 'ros'
[0.265s] DEBUG:colcon.colcon_core.package_identification:Package 'urdf/bullet_simulation_pkg/meshes/dexh13_right' with type 'ros.catkin' and name 'dexh13_right'
[0.265s] Level 1:colcon.colcon_core.package_identification:_identify(urdf/cup) by extensions ['ignore', 'ignore_ament_install']
[0.265s] Level 1:colcon.colcon_core.package_identification:_identify(urdf/cup) by extension 'ignore'
[0.265s] Level 1:colcon.colcon_core.package_identification:_identify(urdf/cup) by extension 'ignore_ament_install'
[0.265s] Level 1:colcon.colcon_core.package_identification:_identify(urdf/cup) by extensions ['colcon_pkg']
[0.265s] Level 1:colcon.colcon_core.package_identification:_identify(urdf/cup) by extension 'colcon_pkg'
[0.265s] Level 1:colcon.colcon_core.package_identification:_identify(urdf/cup) by extensions ['colcon_meta']
[0.265s] Level 1:colcon.colcon_core.package_identification:_identify(urdf/cup) by extension 'colcon_meta'
[0.265s] Level 1:colcon.colcon_core.package_identification:_identify(urdf/cup) by extensions ['ros']
[0.265s] Level 1:colcon.colcon_core.package_identification:_identify(urdf/cup) by extension 'ros'
[0.265s] Level 1:colcon.colcon_core.package_identification:_identify(urdf/cup) by extensions ['cmake', 'python']
[0.265s] Level 1:colcon.colcon_core.package_identification:_identify(urdf/cup) by extension 'cmake'
[0.265s] Level 1:colcon.colcon_core.package_identification:_identify(urdf/cup) by extension 'python'
[0.265s] Level 1:colcon.colcon_core.package_identification:_identify(urdf/cup) by extensions ['python_setup_py']
[0.265s] Level 1:colcon.colcon_core.package_identification:_identify(urdf/cup) by extension 'python_setup_py'
[0.265s] Level 1:colcon.colcon_core.package_identification:_identify(urdf/cup/configuration) by extensions ['ignore', 'ignore_ament_install']
[0.266s] Level 1:colcon.colcon_core.package_identification:_identify(urdf/cup/configuration) by extension 'ignore'
[0.266s] Level 1:colcon.colcon_core.package_identification:_identify(urdf/cup/configuration) by extension 'ignore_ament_install'
[0.266s] Level 1:colcon.colcon_core.package_identification:_identify(urdf/cup/configuration) by extensions ['colcon_pkg']
[0.266s] Level 1:colcon.colcon_core.package_identification:_identify(urdf/cup/configuration) by extension 'colcon_pkg'
[0.266s] Level 1:colcon.colcon_core.package_identification:_identify(urdf/cup/configuration) by extensions ['colcon_meta']
[0.266s] Level 1:colcon.colcon_core.package_identification:_identify(urdf/cup/configuration) by extension 'colcon_meta'
[0.266s] Level 1:colcon.colcon_core.package_identification:_identify(urdf/cup/configuration) by extensions ['ros']
[0.266s] Level 1:colcon.colcon_core.package_identification:_identify(urdf/cup/configuration) by extension 'ros'
[0.266s] Level 1:colcon.colcon_core.package_identification:_identify(urdf/cup/configuration) by extensions ['cmake', 'python']
[0.266s] Level 1:colcon.colcon_core.package_identification:_identify(urdf/cup/configuration) by extension 'cmake'
[0.266s] Level 1:colcon.colcon_core.package_identification:_identify(urdf/cup/configuration) by extension 'python'
[0.266s] Level 1:colcon.colcon_core.package_identification:_identify(urdf/cup/configuration) by extensions ['python_setup_py']
[0.266s] Level 1:colcon.colcon_core.package_identification:_identify(urdf/cup/configuration) by extension 'python_setup_py'
[0.266s] Level 1:colcon.colcon_core.package_identification:_identify(urdf/dexh13_left) by extensions ['ignore', 'ignore_ament_install']
[0.266s] Level 1:colcon.colcon_core.package_identification:_identify(urdf/dexh13_left) by extension 'ignore'
[0.266s] Level 1:colcon.colcon_core.package_identification:_identify(urdf/dexh13_left) by extension 'ignore_ament_install'
[0.266s] Level 1:colcon.colcon_core.package_identification:_identify(urdf/dexh13_left) by extensions ['colcon_pkg']
[0.266s] Level 1:colcon.colcon_core.package_identification:_identify(urdf/dexh13_left) by extension 'colcon_pkg'
[0.266s] Level 1:colcon.colcon_core.package_identification:_identify(urdf/dexh13_left) by extensions ['colcon_meta']
[0.266s] Level 1:colcon.colcon_core.package_identification:_identify(urdf/dexh13_left) by extension 'colcon_meta'
[0.266s] Level 1:colcon.colcon_core.package_identification:_identify(urdf/dexh13_left) by extensions ['ros']
[0.266s] Level 1:colcon.colcon_core.package_identification:_identify(urdf/dexh13_left) by extension 'ros'
[0.266s] Level 1:colcon.colcon_core.package_identification:_identify(urdf/dexh13_left) by extensions ['cmake', 'python']
[0.267s] Level 1:colcon.colcon_core.package_identification:_identify(urdf/dexh13_left) by extension 'cmake'
[0.267s] Level 1:colcon.colcon_core.package_identification:_identify(urdf/dexh13_left) by extension 'python'
[0.267s] Level 1:colcon.colcon_core.package_identification:_identify(urdf/dexh13_left) by extensions ['python_setup_py']
[0.267s] Level 1:colcon.colcon_core.package_identification:_identify(urdf/dexh13_left) by extension 'python_setup_py'
[0.267s] Level 1:colcon.colcon_core.package_identification:_identify(urdf/dexh13_left/configuration) by extensions ['ignore', 'ignore_ament_install']
[0.267s] Level 1:colcon.colcon_core.package_identification:_identify(urdf/dexh13_left/configuration) by extension 'ignore'
[0.267s] Level 1:colcon.colcon_core.package_identification:_identify(urdf/dexh13_left/configuration) by extension 'ignore_ament_install'
[0.267s] Level 1:colcon.colcon_core.package_identification:_identify(urdf/dexh13_left/configuration) by extensions ['colcon_pkg']
[0.267s] Level 1:colcon.colcon_core.package_identification:_identify(urdf/dexh13_left/configuration) by extension 'colcon_pkg'
[0.267s] Level 1:colcon.colcon_core.package_identification:_identify(urdf/dexh13_left/configuration) by extensions ['colcon_meta']
[0.267s] Level 1:colcon.colcon_core.package_identification:_identify(urdf/dexh13_left/configuration) by extension 'colcon_meta'
[0.267s] Level 1:colcon.colcon_core.package_identification:_identify(urdf/dexh13_left/configuration) by extensions ['ros']
[0.267s] Level 1:colcon.colcon_core.package_identification:_identify(urdf/dexh13_left/configuration) by extension 'ros'
[0.267s] Level 1:colcon.colcon_core.package_identification:_identify(urdf/dexh13_left/configuration) by extensions ['cmake', 'python']
[0.267s] Level 1:colcon.colcon_core.package_identification:_identify(urdf/dexh13_left/configuration) by extension 'cmake'
[0.267s] Level 1:colcon.colcon_core.package_identification:_identify(urdf/dexh13_left/configuration) by extension 'python'
[0.267s] Level 1:colcon.colcon_core.package_identification:_identify(urdf/dexh13_left/configuration) by extensions ['python_setup_py']
[0.267s] Level 1:colcon.colcon_core.package_identification:_identify(urdf/dexh13_left/configuration) by extension 'python_setup_py'
[0.267s] Level 1:colcon.colcon_core.package_identification:_identify(urdf/dexh13_right) by extensions ['ignore', 'ignore_ament_install']
[0.267s] Level 1:colcon.colcon_core.package_identification:_identify(urdf/dexh13_right) by extension 'ignore'
[0.267s] Level 1:colcon.colcon_core.package_identification:_identify(urdf/dexh13_right) by extension 'ignore_ament_install'
[0.267s] Level 1:colcon.colcon_core.package_identification:_identify(urdf/dexh13_right) by extensions ['colcon_pkg']
[0.267s] Level 1:colcon.colcon_core.package_identification:_identify(urdf/dexh13_right) by extension 'colcon_pkg'
[0.267s] Level 1:colcon.colcon_core.package_identification:_identify(urdf/dexh13_right) by extensions ['colcon_meta']
[0.268s] Level 1:colcon.colcon_core.package_identification:_identify(urdf/dexh13_right) by extension 'colcon_meta'
[0.268s] Level 1:colcon.colcon_core.package_identification:_identify(urdf/dexh13_right) by extensions ['ros']
[0.268s] Level 1:colcon.colcon_core.package_identification:_identify(urdf/dexh13_right) by extension 'ros'
[0.268s] Level 1:colcon.colcon_core.package_identification:_identify(urdf/dexh13_right) by extensions ['cmake', 'python']
[0.268s] Level 1:colcon.colcon_core.package_identification:_identify(urdf/dexh13_right) by extension 'cmake'
[0.268s] Level 1:colcon.colcon_core.package_identification:_identify(urdf/dexh13_right) by extension 'python'
[0.268s] Level 1:colcon.colcon_core.package_identification:_identify(urdf/dexh13_right) by extensions ['python_setup_py']
[0.268s] Level 1:colcon.colcon_core.package_identification:_identify(urdf/dexh13_right) by extension 'python_setup_py'
[0.268s] Level 1:colcon.colcon_core.package_identification:_identify(urdf/dexh13_right/configuration) by extensions ['ignore', 'ignore_ament_install']
[0.268s] Level 1:colcon.colcon_core.package_identification:_identify(urdf/dexh13_right/configuration) by extension 'ignore'
[0.268s] Level 1:colcon.colcon_core.package_identification:_identify(urdf/dexh13_right/configuration) by extension 'ignore_ament_install'
[0.268s] Level 1:colcon.colcon_core.package_identification:_identify(urdf/dexh13_right/configuration) by extensions ['colcon_pkg']
[0.268s] Level 1:colcon.colcon_core.package_identification:_identify(urdf/dexh13_right/configuration) by extension 'colcon_pkg'
[0.268s] Level 1:colcon.colcon_core.package_identification:_identify(urdf/dexh13_right/configuration) by extensions ['colcon_meta']
[0.268s] Level 1:colcon.colcon_core.package_identification:_identify(urdf/dexh13_right/configuration) by extension 'colcon_meta'
[0.268s] Level 1:colcon.colcon_core.package_identification:_identify(urdf/dexh13_right/configuration) by extensions ['ros']
[0.268s] Level 1:colcon.colcon_core.package_identification:_identify(urdf/dexh13_right/configuration) by extension 'ros'
[0.268s] Level 1:colcon.colcon_core.package_identification:_identify(urdf/dexh13_right/configuration) by extensions ['cmake', 'python']
[0.268s] Level 1:colcon.colcon_core.package_identification:_identify(urdf/dexh13_right/configuration) by extension 'cmake'
[0.268s] Level 1:colcon.colcon_core.package_identification:_identify(urdf/dexh13_right/configuration) by extension 'python'
[0.268s] Level 1:colcon.colcon_core.package_identification:_identify(urdf/dexh13_right/configuration) by extensions ['python_setup_py']
[0.268s] Level 1:colcon.colcon_core.package_identification:_identify(urdf/dexh13_right/configuration) by extension 'python_setup_py'
[0.268s] Level 1:colcon.colcon_core.package_identification:_identify(urdf/plane) by extensions ['ignore', 'ignore_ament_install']
[0.269s] Level 1:colcon.colcon_core.package_identification:_identify(urdf/plane) by extension 'ignore'
[0.269s] Level 1:colcon.colcon_core.package_identification:_identify(urdf/plane) by extension 'ignore_ament_install'
[0.269s] Level 1:colcon.colcon_core.package_identification:_identify(urdf/plane) by extensions ['colcon_pkg']
[0.269s] Level 1:colcon.colcon_core.package_identification:_identify(urdf/plane) by extension 'colcon_pkg'
[0.269s] Level 1:colcon.colcon_core.package_identification:_identify(urdf/plane) by extensions ['colcon_meta']
[0.269s] Level 1:colcon.colcon_core.package_identification:_identify(urdf/plane) by extension 'colcon_meta'
[0.269s] Level 1:colcon.colcon_core.package_identification:_identify(urdf/plane) by extensions ['ros']
[0.269s] Level 1:colcon.colcon_core.package_identification:_identify(urdf/plane) by extension 'ros'
[0.269s] Level 1:colcon.colcon_core.package_identification:_identify(urdf/plane) by extensions ['cmake', 'python']
[0.269s] Level 1:colcon.colcon_core.package_identification:_identify(urdf/plane) by extension 'cmake'
[0.269s] Level 1:colcon.colcon_core.package_identification:_identify(urdf/plane) by extension 'python'
[0.269s] Level 1:colcon.colcon_core.package_identification:_identify(urdf/plane) by extensions ['python_setup_py']
[0.269s] Level 1:colcon.colcon_core.package_identification:_identify(urdf/plane) by extension 'python_setup_py'
[0.269s] Level 1:colcon.colcon_core.package_identification:_identify(urdf/plane/configuration) by extensions ['ignore', 'ignore_ament_install']
[0.269s] Level 1:colcon.colcon_core.package_identification:_identify(urdf/plane/configuration) by extension 'ignore'
[0.269s] Level 1:colcon.colcon_core.package_identification:_identify(urdf/plane/configuration) by extension 'ignore_ament_install'
[0.269s] Level 1:colcon.colcon_core.package_identification:_identify(urdf/plane/configuration) by extensions ['colcon_pkg']
[0.269s] Level 1:colcon.colcon_core.package_identification:_identify(urdf/plane/configuration) by extension 'colcon_pkg'
[0.269s] Level 1:colcon.colcon_core.package_identification:_identify(urdf/plane/configuration) by extensions ['colcon_meta']
[0.269s] Level 1:colcon.colcon_core.package_identification:_identify(urdf/plane/configuration) by extension 'colcon_meta'
[0.269s] Level 1:colcon.colcon_core.package_identification:_identify(urdf/plane/configuration) by extensions ['ros']
[0.269s] Level 1:colcon.colcon_core.package_identification:_identify(urdf/plane/configuration) by extension 'ros'
[0.269s] Level 1:colcon.colcon_core.package_identification:_identify(urdf/plane/configuration) by extensions ['cmake', 'python']
[0.270s] Level 1:colcon.colcon_core.package_identification:_identify(urdf/plane/configuration) by extension 'cmake'
[0.270s] Level 1:colcon.colcon_core.package_identification:_identify(urdf/plane/configuration) by extension 'python'
[0.270s] Level 1:colcon.colcon_core.package_identification:_identify(urdf/plane/configuration) by extensions ['python_setup_py']
[0.270s] Level 1:colcon.colcon_core.package_identification:_identify(urdf/plane/configuration) by extension 'python_setup_py'
[0.270s] Level 1:colcon.colcon_core.package_identification:_identify(urdf/plane/configuration/materials) by extensions ['ignore', 'ignore_ament_install']
[0.270s] Level 1:colcon.colcon_core.package_identification:_identify(urdf/plane/configuration/materials) by extension 'ignore'
[0.270s] Level 1:colcon.colcon_core.package_identification:_identify(urdf/plane/configuration/materials) by extension 'ignore_ament_install'
[0.270s] Level 1:colcon.colcon_core.package_identification:_identify(urdf/plane/configuration/materials) by extensions ['colcon_pkg']
[0.270s] Level 1:colcon.colcon_core.package_identification:_identify(urdf/plane/configuration/materials) by extension 'colcon_pkg'
[0.270s] Level 1:colcon.colcon_core.package_identification:_identify(urdf/plane/configuration/materials) by extensions ['colcon_meta']
[0.270s] Level 1:colcon.colcon_core.package_identification:_identify(urdf/plane/configuration/materials) by extension 'colcon_meta'
[0.270s] Level 1:colcon.colcon_core.package_identification:_identify(urdf/plane/configuration/materials) by extensions ['ros']
[0.270s] Level 1:colcon.colcon_core.package_identification:_identify(urdf/plane/configuration/materials) by extension 'ros'
[0.270s] Level 1:colcon.colcon_core.package_identification:_identify(urdf/plane/configuration/materials) by extensions ['cmake', 'python']
[0.270s] Level 1:colcon.colcon_core.package_identification:_identify(urdf/plane/configuration/materials) by extension 'cmake'
[0.270s] Level 1:colcon.colcon_core.package_identification:_identify(urdf/plane/configuration/materials) by extension 'python'
[0.270s] Level 1:colcon.colcon_core.package_identification:_identify(urdf/plane/configuration/materials) by extensions ['python_setup_py']
[0.270s] Level 1:colcon.colcon_core.package_identification:_identify(urdf/plane/configuration/materials) by extension 'python_setup_py'
[0.271s] Level 1:colcon.colcon_core.package_identification:_identify(urdf/plane/configuration/materials/textures) by extensions ['ignore', 'ignore_ament_install']
[0.271s] Level 1:colcon.colcon_core.package_identification:_identify(urdf/plane/configuration/materials/textures) by extension 'ignore'
[0.271s] Level 1:colcon.colcon_core.package_identification:_identify(urdf/plane/configuration/materials/textures) by extension 'ignore_ament_install'
[0.271s] Level 1:colcon.colcon_core.package_identification:_identify(urdf/plane/configuration/materials/textures) by extensions ['colcon_pkg']
[0.271s] Level 1:colcon.colcon_core.package_identification:_identify(urdf/plane/configuration/materials/textures) by extension 'colcon_pkg'
[0.271s] Level 1:colcon.colcon_core.package_identification:_identify(urdf/plane/configuration/materials/textures) by extensions ['colcon_meta']
[0.271s] Level 1:colcon.colcon_core.package_identification:_identify(urdf/plane/configuration/materials/textures) by extension 'colcon_meta'
[0.271s] Level 1:colcon.colcon_core.package_identification:_identify(urdf/plane/configuration/materials/textures) by extensions ['ros']
[0.271s] Level 1:colcon.colcon_core.package_identification:_identify(urdf/plane/configuration/materials/textures) by extension 'ros'
[0.271s] Level 1:colcon.colcon_core.package_identification:_identify(urdf/plane/configuration/materials/textures) by extensions ['cmake', 'python']
[0.271s] Level 1:colcon.colcon_core.package_identification:_identify(urdf/plane/configuration/materials/textures) by extension 'cmake'
[0.271s] Level 1:colcon.colcon_core.package_identification:_identify(urdf/plane/configuration/materials/textures) by extension 'python'
[0.271s] Level 1:colcon.colcon_core.package_identification:_identify(urdf/plane/configuration/materials/textures) by extensions ['python_setup_py']
[0.271s] Level 1:colcon.colcon_core.package_identification:_identify(urdf/plane/configuration/materials/textures) by extension 'python_setup_py'
[0.271s] Level 1:colcon.colcon_core.package_identification:_identify(urdf/table) by extensions ['ignore', 'ignore_ament_install']
[0.271s] Level 1:colcon.colcon_core.package_identification:_identify(urdf/table) by extension 'ignore'
[0.271s] Level 1:colcon.colcon_core.package_identification:_identify(urdf/table) by extension 'ignore_ament_install'
[0.271s] Level 1:colcon.colcon_core.package_identification:_identify(urdf/table) by extensions ['colcon_pkg']
[0.271s] Level 1:colcon.colcon_core.package_identification:_identify(urdf/table) by extension 'colcon_pkg'
[0.271s] Level 1:colcon.colcon_core.package_identification:_identify(urdf/table) by extensions ['colcon_meta']
[0.271s] Level 1:colcon.colcon_core.package_identification:_identify(urdf/table) by extension 'colcon_meta'
[0.271s] Level 1:colcon.colcon_core.package_identification:_identify(urdf/table) by extensions ['ros']
[0.271s] Level 1:colcon.colcon_core.package_identification:_identify(urdf/table) by extension 'ros'
[0.271s] Level 1:colcon.colcon_core.package_identification:_identify(urdf/table) by extensions ['cmake', 'python']
[0.271s] Level 1:colcon.colcon_core.package_identification:_identify(urdf/table) by extension 'cmake'
[0.271s] Level 1:colcon.colcon_core.package_identification:_identify(urdf/table) by extension 'python'
[0.272s] Level 1:colcon.colcon_core.package_identification:_identify(urdf/table) by extensions ['python_setup_py']
[0.272s] Level 1:colcon.colcon_core.package_identification:_identify(urdf/table) by extension 'python_setup_py'
[0.272s] Level 1:colcon.colcon_core.package_identification:_identify(urdf/table/configuration) by extensions ['ignore', 'ignore_ament_install']
[0.272s] Level 1:colcon.colcon_core.package_identification:_identify(urdf/table/configuration) by extension 'ignore'
[0.272s] Level 1:colcon.colcon_core.package_identification:_identify(urdf/table/configuration) by extension 'ignore_ament_install'
[0.272s] Level 1:colcon.colcon_core.package_identification:_identify(urdf/table/configuration) by extensions ['colcon_pkg']
[0.272s] Level 1:colcon.colcon_core.package_identification:_identify(urdf/table/configuration) by extension 'colcon_pkg'
[0.272s] Level 1:colcon.colcon_core.package_identification:_identify(urdf/table/configuration) by extensions ['colcon_meta']
[0.272s] Level 1:colcon.colcon_core.package_identification:_identify(urdf/table/configuration) by extension 'colcon_meta'
[0.272s] Level 1:colcon.colcon_core.package_identification:_identify(urdf/table/configuration) by extensions ['ros']
[0.272s] Level 1:colcon.colcon_core.package_identification:_identify(urdf/table/configuration) by extension 'ros'
[0.272s] Level 1:colcon.colcon_core.package_identification:_identify(urdf/table/configuration) by extensions ['cmake', 'python']
[0.272s] Level 1:colcon.colcon_core.package_identification:_identify(urdf/table/configuration) by extension 'cmake'
[0.272s] Level 1:colcon.colcon_core.package_identification:_identify(urdf/table/configuration) by extension 'python'
[0.272s] Level 1:colcon.colcon_core.package_identification:_identify(urdf/table/configuration) by extensions ['python_setup_py']
[0.272s] Level 1:colcon.colcon_core.package_identification:_identify(urdf/table/configuration) by extension 'python_setup_py'
[0.272s] Level 1:colcon.colcon_core.package_identification:_identify(urdf/table/configuration/materials) by extensions ['ignore', 'ignore_ament_install']
[0.272s] Level 1:colcon.colcon_core.package_identification:_identify(urdf/table/configuration/materials) by extension 'ignore'
[0.272s] Level 1:colcon.colcon_core.package_identification:_identify(urdf/table/configuration/materials) by extension 'ignore_ament_install'
[0.272s] Level 1:colcon.colcon_core.package_identification:_identify(urdf/table/configuration/materials) by extensions ['colcon_pkg']
[0.272s] Level 1:colcon.colcon_core.package_identification:_identify(urdf/table/configuration/materials) by extension 'colcon_pkg'
[0.272s] Level 1:colcon.colcon_core.package_identification:_identify(urdf/table/configuration/materials) by extensions ['colcon_meta']
[0.272s] Level 1:colcon.colcon_core.package_identification:_identify(urdf/table/configuration/materials) by extension 'colcon_meta'
[0.272s] Level 1:colcon.colcon_core.package_identification:_identify(urdf/table/configuration/materials) by extensions ['ros']
[0.272s] Level 1:colcon.colcon_core.package_identification:_identify(urdf/table/configuration/materials) by extension 'ros'
[0.272s] Level 1:colcon.colcon_core.package_identification:_identify(urdf/table/configuration/materials) by extensions ['cmake', 'python']
[0.272s] Level 1:colcon.colcon_core.package_identification:_identify(urdf/table/configuration/materials) by extension 'cmake'
[0.272s] Level 1:colcon.colcon_core.package_identification:_identify(urdf/table/configuration/materials) by extension 'python'
[0.272s] Level 1:colcon.colcon_core.package_identification:_identify(urdf/table/configuration/materials) by extensions ['python_setup_py']
[0.272s] Level 1:colcon.colcon_core.package_identification:_identify(urdf/table/configuration/materials) by extension 'python_setup_py'
[0.272s] Level 1:colcon.colcon_core.package_identification:_identify(urdf/table/configuration/materials/textures) by extensions ['ignore', 'ignore_ament_install']
[0.272s] Level 1:colcon.colcon_core.package_identification:_identify(urdf/table/configuration/materials/textures) by extension 'ignore'
[0.272s] Level 1:colcon.colcon_core.package_identification:_identify(urdf/table/configuration/materials/textures) by extension 'ignore_ament_install'
[0.272s] Level 1:colcon.colcon_core.package_identification:_identify(urdf/table/configuration/materials/textures) by extensions ['colcon_pkg']
[0.272s] Level 1:colcon.colcon_core.package_identification:_identify(urdf/table/configuration/materials/textures) by extension 'colcon_pkg'
[0.272s] Level 1:colcon.colcon_core.package_identification:_identify(urdf/table/configuration/materials/textures) by extensions ['colcon_meta']
[0.272s] Level 1:colcon.colcon_core.package_identification:_identify(urdf/table/configuration/materials/textures) by extension 'colcon_meta'
[0.272s] Level 1:colcon.colcon_core.package_identification:_identify(urdf/table/configuration/materials/textures) by extensions ['ros']
[0.272s] Level 1:colcon.colcon_core.package_identification:_identify(urdf/table/configuration/materials/textures) by extension 'ros'
[0.273s] Level 1:colcon.colcon_core.package_identification:_identify(urdf/table/configuration/materials/textures) by extensions ['cmake', 'python']
[0.273s] Level 1:colcon.colcon_core.package_identification:_identify(urdf/table/configuration/materials/textures) by extension 'cmake'
[0.273s] Level 1:colcon.colcon_core.package_identification:_identify(urdf/table/configuration/materials/textures) by extension 'python'
[0.273s] Level 1:colcon.colcon_core.package_identification:_identify(urdf/table/configuration/materials/textures) by extensions ['python_setup_py']
[0.273s] Level 1:colcon.colcon_core.package_identification:_identify(urdf/table/configuration/materials/textures) by extension 'python_setup_py'
[0.273s] Level 1:colcon.colcon_core.package_discovery:discover_packages(recursive) using defaults
[0.273s] Level 1:colcon.colcon_core.package_discovery:discover_packages(ignore) discover
[0.273s] Level 1:colcon.colcon_core.package_discovery:discover_packages(ignore) using defaults
[0.273s] Level 1:colcon.colcon_core.package_discovery:discover_packages(path) discover
[0.273s] Level 1:colcon.colcon_core.package_discovery:discover_packages(path) using defaults
[0.298s] Level 1:colcon.colcon_core.package_discovery:discover_packages(prefix_path) check parameters
[0.298s] Level 1:colcon.colcon_core.package_discovery:discover_packages(prefix_path) discover
[0.299s] DEBUG:colcon.colcon_installed_package_information.package_discovery:Found 2 installed packages in /home/robot/ros2_cr5_sim_ws/install
[0.300s] DEBUG:colcon.colcon_installed_package_information.package_discovery:Found 348 installed packages in /opt/ros/humble
[0.301s] Level 1:colcon.colcon_core.package_discovery:discover_packages(prefix_path) using defaults
[0.331s] Level 5:colcon.colcon_core.verb:set package 'cpp_general_pkg' build argument 'cmake_args' from command line to 'None'
[0.331s] Level 5:colcon.colcon_core.verb:set package 'cpp_general_pkg' build argument 'cmake_target' from command line to 'None'
[0.331s] Level 5:colcon.colcon_core.verb:set package 'cpp_general_pkg' build argument 'cmake_target_skip_unavailable' from command line to 'False'
[0.331s] Level 5:colcon.colcon_core.verb:set package 'cpp_general_pkg' build argument 'cmake_clean_cache' from command line to 'False'
[0.331s] Level 5:colcon.colcon_core.verb:set package 'cpp_general_pkg' build argument 'cmake_clean_first' from command line to 'False'
[0.331s] Level 5:colcon.colcon_core.verb:set package 'cpp_general_pkg' build argument 'cmake_force_configure' from command line to 'False'
[0.331s] Level 5:colcon.colcon_core.verb:set package 'cpp_general_pkg' build argument 'ament_cmake_args' from command line to 'None'
[0.331s] Level 5:colcon.colcon_core.verb:set package 'cpp_general_pkg' build argument 'catkin_cmake_args' from command line to 'None'
[0.331s] Level 5:colcon.colcon_core.verb:set package 'cpp_general_pkg' build argument 'catkin_skip_building_tests' from command line to 'False'
[0.331s] DEBUG:colcon.colcon_core.verb:Building package 'cpp_general_pkg' with the following arguments: {'ament_cmake_args': None, 'build_base': '/home/robot/ros2_cr5_sim_ws/build/cpp_general_pkg', 'catkin_cmake_args': None, 'catkin_skip_building_tests': False, 'cmake_args': None, 'cmake_clean_cache': False, 'cmake_clean_first': False, 'cmake_force_configure': False, 'cmake_target': None, 'cmake_target_skip_unavailable': False, 'install_base': '/home/robot/ros2_cr5_sim_ws/install/cpp_general_pkg', 'merge_install': False, 'path': '/home/robot/ros2_cr5_sim_ws/src/cpp_general_pkg', 'symlink_install': False, 'test_result_base': None}
[0.331s] Level 5:colcon.colcon_core.verb:set package 'dexh13_left' build argument 'cmake_args' from command line to 'None'
[0.331s] Level 5:colcon.colcon_core.verb:set package 'dexh13_left' build argument 'cmake_target' from command line to 'None'
[0.331s] Level 5:colcon.colcon_core.verb:set package 'dexh13_left' build argument 'cmake_target_skip_unavailable' from command line to 'False'
[0.331s] Level 5:colcon.colcon_core.verb:set package 'dexh13_left' build argument 'cmake_clean_cache' from command line to 'False'
[0.331s] Level 5:colcon.colcon_core.verb:set package 'dexh13_left' build argument 'cmake_clean_first' from command line to 'False'
[0.331s] Level 5:colcon.colcon_core.verb:set package 'dexh13_left' build argument 'cmake_force_configure' from command line to 'False'
[0.331s] Level 5:colcon.colcon_core.verb:set package 'dexh13_left' build argument 'ament_cmake_args' from command line to 'None'
[0.331s] Level 5:colcon.colcon_core.verb:set package 'dexh13_left' build argument 'catkin_cmake_args' from command line to 'None'
[0.331s] Level 5:colcon.colcon_core.verb:set package 'dexh13_left' build argument 'catkin_skip_building_tests' from command line to 'False'
[0.331s] DEBUG:colcon.colcon_core.verb:Building package 'dexh13_left' with the following arguments: {'ament_cmake_args': None, 'build_base': '/home/robot/ros2_cr5_sim_ws/build/dexh13_left', 'catkin_cmake_args': None, 'catkin_skip_building_tests': False, 'cmake_args': None, 'cmake_clean_cache': False, 'cmake_clean_first': False, 'cmake_force_configure': False, 'cmake_target': None, 'cmake_target_skip_unavailable': False, 'install_base': '/home/robot/ros2_cr5_sim_ws/install/dexh13_left', 'merge_install': False, 'path': '/home/robot/ros2_cr5_sim_ws/urdf/bullet_simulation_pkg/meshes/dexh13_left', 'symlink_install': False, 'test_result_base': None}
[0.331s] Level 5:colcon.colcon_core.verb:set package 'dexh13_right' build argument 'cmake_args' from command line to 'None'
[0.331s] Level 5:colcon.colcon_core.verb:set package 'dexh13_right' build argument 'cmake_target' from command line to 'None'
[0.331s] Level 5:colcon.colcon_core.verb:set package 'dexh13_right' build argument 'cmake_target_skip_unavailable' from command line to 'False'
[0.331s] Level 5:colcon.colcon_core.verb:set package 'dexh13_right' build argument 'cmake_clean_cache' from command line to 'False'
[0.331s] Level 5:colcon.colcon_core.verb:set package 'dexh13_right' build argument 'cmake_clean_first' from command line to 'False'
[0.331s] Level 5:colcon.colcon_core.verb:set package 'dexh13_right' build argument 'cmake_force_configure' from command line to 'False'
[0.331s] Level 5:colcon.colcon_core.verb:set package 'dexh13_right' build argument 'ament_cmake_args' from command line to 'None'
[0.331s] Level 5:colcon.colcon_core.verb:set package 'dexh13_right' build argument 'catkin_cmake_args' from command line to 'None'
[0.331s] Level 5:colcon.colcon_core.verb:set package 'dexh13_right' build argument 'catkin_skip_building_tests' from command line to 'False'
[0.331s] DEBUG:colcon.colcon_core.verb:Building package 'dexh13_right' with the following arguments: {'ament_cmake_args': None, 'build_base': '/home/robot/ros2_cr5_sim_ws/build/dexh13_right', 'catkin_cmake_args': None, 'catkin_skip_building_tests': False, 'cmake_args': None, 'cmake_clean_cache': False, 'cmake_clean_first': False, 'cmake_force_configure': False, 'cmake_target': None, 'cmake_target_skip_unavailable': False, 'install_base': '/home/robot/ros2_cr5_sim_ws/install/dexh13_right', 'merge_install': False, 'path': '/home/robot/ros2_cr5_sim_ws/urdf/bullet_simulation_pkg/meshes/dexh13_right', 'symlink_install': False, 'test_result_base': None}
[0.332s] Level 5:colcon.colcon_core.verb:set package 'python_general_pkg' build argument 'cmake_args' from command line to 'None'
[0.332s] Level 5:colcon.colcon_core.verb:set package 'python_general_pkg' build argument 'cmake_target' from command line to 'None'
[0.332s] Level 5:colcon.colcon_core.verb:set package 'python_general_pkg' build argument 'cmake_target_skip_unavailable' from command line to 'False'
[0.332s] Level 5:colcon.colcon_core.verb:set package 'python_general_pkg' build argument 'cmake_clean_cache' from command line to 'False'
[0.332s] Level 5:colcon.colcon_core.verb:set package 'python_general_pkg' build argument 'cmake_clean_first' from command line to 'False'
[0.332s] Level 5:colcon.colcon_core.verb:set package 'python_general_pkg' build argument 'cmake_force_configure' from command line to 'False'
[0.332s] Level 5:colcon.colcon_core.verb:set package 'python_general_pkg' build argument 'ament_cmake_args' from command line to 'None'
[0.332s] Level 5:colcon.colcon_core.verb:set package 'python_general_pkg' build argument 'catkin_cmake_args' from command line to 'None'
[0.332s] Level 5:colcon.colcon_core.verb:set package 'python_general_pkg' build argument 'catkin_skip_building_tests' from command line to 'False'
[0.332s] DEBUG:colcon.colcon_core.verb:Building package 'python_general_pkg' with the following arguments: {'ament_cmake_args': None, 'build_base': '/home/robot/ros2_cr5_sim_ws/build/python_general_pkg', 'catkin_cmake_args': None, 'catkin_skip_building_tests': False, 'cmake_args': None, 'cmake_clean_cache': False, 'cmake_clean_first': False, 'cmake_force_configure': False, 'cmake_target': None, 'cmake_target_skip_unavailable': False, 'install_base': '/home/robot/ros2_cr5_sim_ws/install/python_general_pkg', 'merge_install': False, 'path': '/home/robot/ros2_cr5_sim_ws/src/python_general_pkg', 'symlink_install': False, 'test_result_base': None}
[0.332s] INFO:colcon.colcon_core.executor:Executing jobs using 'parallel' executor
[0.333s] DEBUG:colcon.colcon_parallel_executor.executor.parallel:run_until_complete
[0.333s] INFO:colcon.colcon_ros.task.ament_cmake.build:Building ROS package in '/home/robot/ros2_cr5_sim_ws/src/cpp_general_pkg' with build type 'ament_cmake'
[0.333s] INFO:colcon.colcon_cmake.task.cmake.build:Building CMake package in '/home/robot/ros2_cr5_sim_ws/src/cpp_general_pkg'
[0.335s] INFO:colcon.colcon_core.plugin_system:Skipping extension 'colcon_core.shell.bat': Not used on non-Windows systems
[0.335s] INFO:colcon.colcon_core.shell:Skip shell extension 'powershell' for command environment: Not usable outside of PowerShell
[0.335s] DEBUG:colcon.colcon_core.shell:Skip shell extension 'dsv' for command environment
[0.337s] INFO:colcon.colcon_ros.task.catkin.build:Building ROS package in '/home/robot/ros2_cr5_sim_ws/urdf/bullet_simulation_pkg/meshes/dexh13_left' with build type 'catkin'
[0.337s] INFO:colcon.colcon_cmake.task.cmake.build:Building CMake package in '/home/robot/ros2_cr5_sim_ws/urdf/bullet_simulation_pkg/meshes/dexh13_left'
[0.338s] INFO:colcon.colcon_core.shell:Skip shell extension 'powershell' for command environment: Not usable outside of PowerShell
[0.338s] DEBUG:colcon.colcon_core.shell:Skip shell extension 'dsv' for command environment
[0.340s] INFO:colcon.colcon_ros.task.catkin.build:Building ROS package in '/home/robot/ros2_cr5_sim_ws/urdf/bullet_simulation_pkg/meshes/dexh13_right' with build type 'catkin'
[0.340s] INFO:colcon.colcon_cmake.task.cmake.build:Building CMake package in '/home/robot/ros2_cr5_sim_ws/urdf/bullet_simulation_pkg/meshes/dexh13_right'
[0.340s] INFO:colcon.colcon_core.shell:Skip shell extension 'powershell' for command environment: Not usable outside of PowerShell
[0.341s] DEBUG:colcon.colcon_core.shell:Skip shell extension 'dsv' for command environment
[0.343s] INFO:colcon.colcon_ros.task.ament_python.build:Building ROS package in '/home/robot/ros2_cr5_sim_ws/src/python_general_pkg' with build type 'ament_python'
[0.343s] Level 1:colcon.colcon_core.shell:create_environment_hook('python_general_pkg', 'ament_prefix_path')
[0.343s] INFO:colcon.colcon_core.shell:Creating environment hook '/home/robot/ros2_cr5_sim_ws/install/python_general_pkg/share/python_general_pkg/hook/ament_prefix_path.ps1'
[0.344s] INFO:colcon.colcon_core.shell:Creating environment descriptor '/home/robot/ros2_cr5_sim_ws/install/python_general_pkg/share/python_general_pkg/hook/ament_prefix_path.dsv'
[0.344s] INFO:colcon.colcon_core.shell:Creating environment hook '/home/robot/ros2_cr5_sim_ws/install/python_general_pkg/share/python_general_pkg/hook/ament_prefix_path.sh'
[0.345s] INFO:colcon.colcon_core.shell:Skip shell extension 'powershell' for command environment: Not usable outside of PowerShell
[0.345s] DEBUG:colcon.colcon_core.shell:Skip shell extension 'dsv' for command environment
[0.351s] DEBUG:colcon.colcon_core.event_handler.log_command:Invoking command in '/home/robot/ros2_cr5_sim_ws/build/cpp_general_pkg': CMAKE_PREFIX_PATH=${CMAKE_PREFIX_PATH}:/home/robot/ros2_cr5_sim_ws/install/python_general_pkg /usr/bin/cmake --build /home/robot/ros2_cr5_sim_ws/build/cpp_general_pkg -- -j18 -l18
[0.356s] DEBUG:colcon.colcon_core.event_handler.log_command:Invoking command in '/home/robot/ros2_cr5_sim_ws/build/dexh13_left': /usr/bin/cmake /home/robot/ros2_cr5_sim_ws/urdf/bullet_simulation_pkg/meshes/dexh13_left -DCATKIN_INSTALL_INTO_PREFIX_ROOT=0 -DCMAKE_INSTALL_PREFIX=/home/robot/ros2_cr5_sim_ws/install/dexh13_left
[0.359s] DEBUG:colcon.colcon_core.event_handler.log_command:Invoking command in '/home/robot/ros2_cr5_sim_ws/build/dexh13_right': /usr/bin/cmake /home/robot/ros2_cr5_sim_ws/urdf/bullet_simulation_pkg/meshes/dexh13_right -DCATKIN_INSTALL_INTO_PREFIX_ROOT=0 -DCMAKE_INSTALL_PREFIX=/home/robot/ros2_cr5_sim_ws/install/dexh13_right
[0.555s] INFO:colcon.colcon_core.task.python.build:Building Python package in '/home/robot/ros2_cr5_sim_ws/src/python_general_pkg'
[0.555s] INFO:colcon.colcon_core.shell:Skip shell extension 'powershell' for command environment: Not usable outside of PowerShell
[0.555s] DEBUG:colcon.colcon_core.shell:Skip shell extension 'dsv' for command environment
[0.560s] DEBUG:colcon.colcon_core.event_handler.log_command:Invoked command in '/home/robot/ros2_cr5_sim_ws/build/cpp_general_pkg' returned '2': CMAKE_PREFIX_PATH=${CMAKE_PREFIX_PATH}:/home/robot/ros2_cr5_sim_ws/install/python_general_pkg /usr/bin/cmake --build /home/robot/ros2_cr5_sim_ws/build/cpp_general_pkg -- -j18 -l18
[0.562s] Level 1:colcon.colcon_core.environment:create_environment_scripts_only(cpp_general_pkg)
[0.567s] Level 1:colcon.colcon_core.environment:checking '/home/robot/ros2_cr5_sim_ws/install/cpp_general_pkg' for CMake module files
[0.568s] Level 1:colcon.colcon_core.environment:checking '/home/robot/ros2_cr5_sim_ws/install/cpp_general_pkg' for CMake config files
[0.568s] Level 1:colcon.colcon_core.shell:create_environment_hook('cpp_general_pkg', 'cmake_prefix_path')
[0.568s] INFO:colcon.colcon_core.shell:Creating environment hook '/home/robot/ros2_cr5_sim_ws/install/cpp_general_pkg/share/cpp_general_pkg/hook/cmake_prefix_path.ps1'
[0.569s] INFO:colcon.colcon_core.shell:Creating environment descriptor '/home/robot/ros2_cr5_sim_ws/install/cpp_general_pkg/share/cpp_general_pkg/hook/cmake_prefix_path.dsv'
[0.569s] INFO:colcon.colcon_core.shell:Creating environment hook '/home/robot/ros2_cr5_sim_ws/install/cpp_general_pkg/share/cpp_general_pkg/hook/cmake_prefix_path.sh'
[0.570s] Level 1:colcon.colcon_core.environment:checking '/home/robot/ros2_cr5_sim_ws/install/cpp_general_pkg/lib'
[0.570s] Level 1:colcon.colcon_core.environment:checking '/home/robot/ros2_cr5_sim_ws/install/cpp_general_pkg/bin'
[0.570s] Level 1:colcon.colcon_core.environment:checking '/home/robot/ros2_cr5_sim_ws/install/cpp_general_pkg/lib/pkgconfig/cpp_general_pkg.pc'
[0.570s] Level 1:colcon.colcon_core.environment:checking '/home/robot/ros2_cr5_sim_ws/install/cpp_general_pkg/lib/python3.10/site-packages'
[0.571s] Level 1:colcon.colcon_core.environment:checking '/home/robot/ros2_cr5_sim_ws/install/cpp_general_pkg/bin'
[0.571s] INFO:colcon.colcon_core.shell:Creating package script '/home/robot/ros2_cr5_sim_ws/install/cpp_general_pkg/share/cpp_general_pkg/package.ps1'
[0.571s] INFO:colcon.colcon_core.shell:Creating package descriptor '/home/robot/ros2_cr5_sim_ws/install/cpp_general_pkg/share/cpp_general_pkg/package.dsv'
[0.572s] INFO:colcon.colcon_core.shell:Creating package script '/home/robot/ros2_cr5_sim_ws/install/cpp_general_pkg/share/cpp_general_pkg/package.sh'
[0.573s] INFO:colcon.colcon_core.shell:Creating package script '/home/robot/ros2_cr5_sim_ws/install/cpp_general_pkg/share/cpp_general_pkg/package.bash'
[0.574s] INFO:colcon.colcon_core.shell:Creating package script '/home/robot/ros2_cr5_sim_ws/install/cpp_general_pkg/share/cpp_general_pkg/package.zsh'
[0.574s] Level 1:colcon.colcon_core.environment:create_file_with_runtime_dependencies(/home/robot/ros2_cr5_sim_ws/install/cpp_general_pkg/share/colcon-core/packages/cpp_general_pkg)
[0.689s] DEBUG:colcon.colcon_parallel_executor.executor.parallel:closing loop
[0.689s] DEBUG:colcon.colcon_parallel_executor.executor.parallel:loop closed
[0.689s] DEBUG:colcon.colcon_parallel_executor.executor.parallel:run_until_complete finished with '2'
[0.689s] DEBUG:colcon.colcon_core.event_reactor:joining thread
[0.697s] INFO:colcon.colcon_core.plugin_system:Skipping extension 'colcon_notification.desktop_notification.terminal_notifier': Not used on non-Darwin systems
[0.697s] INFO:colcon.colcon_core.plugin_system:Skipping extension 'colcon_notification.desktop_notification.win32': Not used on non-Windows systems
[0.697s] INFO:colcon.colcon_notification.desktop_notification:Sending desktop notification using 'notify2'
[0.723s] DEBUG:colcon.colcon_core.event_reactor:joined thread
[0.724s] INFO:colcon.colcon_core.shell:Creating prefix script '/home/robot/ros2_cr5_sim_ws/install/local_setup.ps1'
[0.725s] INFO:colcon.colcon_core.shell:Creating prefix util module '/home/robot/ros2_cr5_sim_ws/install/_local_setup_util_ps1.py'
[0.727s] INFO:colcon.colcon_core.shell:Creating prefix chain script '/home/robot/ros2_cr5_sim_ws/install/setup.ps1'
[0.728s] INFO:colcon.colcon_core.shell:Creating prefix script '/home/robot/ros2_cr5_sim_ws/install/local_setup.sh'
[0.729s] INFO:colcon.colcon_core.shell:Creating prefix util module '/home/robot/ros2_cr5_sim_ws/install/_local_setup_util_sh.py'
[0.730s] INFO:colcon.colcon_core.shell:Creating prefix chain script '/home/robot/ros2_cr5_sim_ws/install/setup.sh'
[0.732s] INFO:colcon.colcon_core.shell:Creating prefix script '/home/robot/ros2_cr5_sim_ws/install/local_setup.bash'
[0.732s] INFO:colcon.colcon_core.shell:Creating prefix chain script '/home/robot/ros2_cr5_sim_ws/install/setup.bash'
[0.734s] INFO:colcon.colcon_core.shell:Creating prefix script '/home/robot/ros2_cr5_sim_ws/install/local_setup.zsh'
[0.734s] INFO:colcon.colcon_core.shell:Creating prefix chain script '/home/robot/ros2_cr5_sim_ws/install/setup.zsh'
