running egg_info
writing ../../build/python_general_pkg/python_general_pkg.egg-info/PKG-INFO
writing dependency_links to ../../build/python_general_pkg/python_general_pkg.egg-info/dependency_links.txt
writing entry points to ../../build/python_general_pkg/python_general_pkg.egg-info/entry_points.txt
writing requirements to ../../build/python_general_pkg/python_general_pkg.egg-info/requires.txt
writing top-level names to ../../build/python_general_pkg/python_general_pkg.egg-info/top_level.txt
reading manifest file '../../build/python_general_pkg/python_general_pkg.egg-info/SOURCES.txt'
writing manifest file '../../build/python_general_pkg/python_general_pkg.egg-info/SOURCES.txt'
running build
running build_py
copying python_general_pkg/simple_publisher_node.py -> /home/robot/ros2_node_template_ws/build/python_general_pkg/build/lib/python_general_pkg
running install
running install_lib
copying /home/robot/ros2_node_template_ws/build/python_general_pkg/build/lib/python_general_pkg/simple_publisher_node.py -> /home/robot/ros2_node_template_ws/install/python_general_pkg/lib/python3.10/site-packages/python_general_pkg
byte-compiling /home/robot/ros2_node_template_ws/install/python_general_pkg/lib/python3.10/site-packages/python_general_pkg/simple_publisher_node.py to simple_publisher_node.cpython-310.pyc
running install_data
running install_egg_info
removing '/home/robot/ros2_node_template_ws/install/python_general_pkg/lib/python3.10/site-packages/python_general_pkg-0.0.0-py3.10.egg-info' (and everything under it)
Copying ../../build/python_general_pkg/python_general_pkg.egg-info to /home/robot/ros2_node_template_ws/install/python_general_pkg/lib/python3.10/site-packages/python_general_pkg-0.0.0-py3.10.egg-info
running install_scripts
Installing simple_client_node script to /home/robot/ros2_node_template_ws/install/python_general_pkg/lib/python_general_pkg
Installing simple_node script to /home/robot/ros2_node_template_ws/install/python_general_pkg/lib/python_general_pkg
Installing simple_publisher_node script to /home/robot/ros2_node_template_ws/install/python_general_pkg/lib/python_general_pkg
Installing simple_server_node script to /home/robot/ros2_node_template_ws/install/python_general_pkg/lib/python_general_pkg
Installing simple_subscriber_node script to /home/robot/ros2_node_template_ws/install/python_general_pkg/lib/python_general_pkg
writing list of installed files to '/home/robot/ros2_node_template_ws/build/python_general_pkg/install.log'
