/home/robot/ros2_node_template_ws/install/python_general_pkg/lib/python3.10/site-packages/python_general_pkg/__init__.py
/home/robot/ros2_node_template_ws/install/python_general_pkg/lib/python3.10/site-packages/python_general_pkg/simple_server_node.py
/home/robot/ros2_node_template_ws/install/python_general_pkg/lib/python3.10/site-packages/python_general_pkg/simple_client_node.py
/home/robot/ros2_node_template_ws/install/python_general_pkg/lib/python3.10/site-packages/python_general_pkg/simple_node.py
/home/robot/ros2_node_template_ws/install/python_general_pkg/lib/python3.10/site-packages/python_general_pkg/simple_publisher_node.py
/home/robot/ros2_node_template_ws/install/python_general_pkg/lib/python3.10/site-packages/python_general_pkg/simple_subscriber_node.py
/home/robot/ros2_node_template_ws/install/python_general_pkg/lib/python3.10/site-packages/python_general_pkg/__pycache__/__init__.cpython-310.pyc
/home/robot/ros2_node_template_ws/install/python_general_pkg/lib/python3.10/site-packages/python_general_pkg/__pycache__/simple_server_node.cpython-310.pyc
/home/robot/ros2_node_template_ws/install/python_general_pkg/lib/python3.10/site-packages/python_general_pkg/__pycache__/simple_client_node.cpython-310.pyc
/home/robot/ros2_node_template_ws/install/python_general_pkg/lib/python3.10/site-packages/python_general_pkg/__pycache__/simple_node.cpython-310.pyc
/home/robot/ros2_node_template_ws/install/python_general_pkg/lib/python3.10/site-packages/python_general_pkg/__pycache__/simple_publisher_node.cpython-310.pyc
/home/robot/ros2_node_template_ws/install/python_general_pkg/lib/python3.10/site-packages/python_general_pkg/__pycache__/simple_subscriber_node.cpython-310.pyc
/home/robot/ros2_node_template_ws/install/python_general_pkg/share/ament_index/resource_index/packages/python_general_pkg
/home/robot/ros2_node_template_ws/install/python_general_pkg/share/python_general_pkg/package.xml
/home/robot/ros2_node_template_ws/install/python_general_pkg/share/python_general_pkg/launch/simple_subscriber_or_server.launch.py
/home/robot/ros2_node_template_ws/install/python_general_pkg/lib/python3.10/site-packages/python_general_pkg-0.0.0-py3.10.egg-info/SOURCES.txt
/home/robot/ros2_node_template_ws/install/python_general_pkg/lib/python3.10/site-packages/python_general_pkg-0.0.0-py3.10.egg-info/dependency_links.txt
/home/robot/ros2_node_template_ws/install/python_general_pkg/lib/python3.10/site-packages/python_general_pkg-0.0.0-py3.10.egg-info/entry_points.txt
/home/robot/ros2_node_template_ws/install/python_general_pkg/lib/python3.10/site-packages/python_general_pkg-0.0.0-py3.10.egg-info/zip-safe
/home/robot/ros2_node_template_ws/install/python_general_pkg/lib/python3.10/site-packages/python_general_pkg-0.0.0-py3.10.egg-info/requires.txt
/home/robot/ros2_node_template_ws/install/python_general_pkg/lib/python3.10/site-packages/python_general_pkg-0.0.0-py3.10.egg-info/PKG-INFO
/home/robot/ros2_node_template_ws/install/python_general_pkg/lib/python3.10/site-packages/python_general_pkg-0.0.0-py3.10.egg-info/top_level.txt
/home/robot/ros2_node_template_ws/install/python_general_pkg/lib/python_general_pkg/simple_client_node
/home/robot/ros2_node_template_ws/install/python_general_pkg/lib/python_general_pkg/simple_node
/home/robot/ros2_node_template_ws/install/python_general_pkg/lib/python_general_pkg/simple_publisher_node
/home/robot/ros2_node_template_ws/install/python_general_pkg/lib/python_general_pkg/simple_server_node
/home/robot/ros2_node_template_ws/install/python_general_pkg/lib/python_general_pkg/simple_subscriber_node
