[0.019s] Invoking command in '/home/robot/ros2_cr5_sim_ws/build/dexh13_right': /usr/bin/cmake /home/robot/ros2_cr5_sim_ws/urdf/bullet_simulation_pkg/meshes/dexh13_right -DCATKIN_INSTALL_INTO_PREFIX_ROOT=0 -DCMAKE_INSTALL_PREFIX=/home/robot/ros2_cr5_sim_ws/install/dexh13_right
[0.030s] [0mCMake Deprecation Warning at CMakeLists.txt:1 (cmake_minimum_required):
[0.030s]   Compatibility with CMake < 2.8.12 will be removed from a future version of
[0.030s]   CMake.
[0.030s] 
[0.030s]   Update the VERSION argument <min> value or use a ...<max> suffix to tell
[0.030s]   CMake that the project does not need compatibility with older versions.
[0.030s] 
[0.030s] [0m
[0.091s] -- The C compiler identification is GNU 11.4.0
[0.157s] -- The CXX compiler identification is GNU 11.4.0
[0.167s] -- Detecting C compiler ABI info
[0.236s] -- Detecting C compiler ABI info - done
[0.241s] -- Check for working C compiler: /usr/bin/cc - skipped
[0.241s] -- Detecting C compile features
[0.242s] -- Detecting C compile features - done
[0.244s] -- Detecting CXX compiler ABI info
[0.311s] -- Detecting CXX compiler ABI info - done
[0.318s] -- Check for working CXX compiler: /usr/bin/c++ - skipped
[0.319s] -- Detecting CXX compile features
[0.319s] -- Detecting CXX compile features - done
[0.328s] [31mCMake Error at CMakeLists.txt:5 (find_package):
[0.328s]   By not providing "Findcatkin.cmake" in CMAKE_MODULE_PATH this project has
[0.328s]   asked CMake to find a package configuration file provided by "catkin", but
[0.328s]   CMake did not find one.
[0.329s] 
[0.329s]   Could not find a package configuration file provided by "catkin" with any
[0.329s]   of the following names:
[0.329s] 
[0.329s]     catkinConfig.cmake
[0.329s]     catkin-config.cmake
[0.329s] 
[0.329s]   Add the installation prefix of "catkin" to CMAKE_PREFIX_PATH or set
[0.329s]   "catkin_DIR" to a directory containing one of the above files.  If "catkin"
[0.329s]   provides a separate development package or SDK, be sure it has been
[0.329s]   installed.
[0.329s] 
[0.329s] [0m
[0.329s] -- Configuring incomplete, errors occurred!
[0.329s] See also "/home/robot/ros2_cr5_sim_ws/build/dexh13_right/CMakeFiles/CMakeOutput.log".
