-- The C compiler identification is GNU 11.4.0
-- The CXX compiler identification is GNU 11.4.0
-- Detecting C compiler ABI info
-- Detecting C compiler ABI info - done
-- Check for working C compiler: /usr/bin/cc - skipped
-- Detecting C compile features
-- Detecting C compile features - done
-- Detecting CXX compiler ABI info
-- Detecting CXX compiler ABI info - done
-- Check for working CXX compiler: /usr/bin/c++ - skipped
-- Detecting CXX compile features
-- Detecting CXX compile features - done
-- Found ament_cmake: 1.3.12 (/opt/ros/humble/share/ament_cmake/cmake)
-- Found Python3: /usr/bin/python3 (found version "3.10.12") found components: Interpreter 
-- Found rclcpp: 16.0.14 (/opt/ros/humble/share/rclcpp/cmake)
-- Found rosidl_generator_c: 3.1.7 (/opt/ros/humble/share/rosidl_generator_c/cmake)
-- Found rosidl_adapter: 3.1.7 (/opt/ros/humble/share/rosidl_adapter/cmake)
-- Found rosidl_generator_cpp: 3.1.7 (/opt/ros/humble/share/rosidl_generator_cpp/cmake)
-- Using all available rosidl_typesupport_c: rosidl_typesupport_fastrtps_c;rosidl_typesupport_introspection_c
-- Using all available rosidl_typesupport_cpp: rosidl_typesupport_fastrtps_cpp;rosidl_typesupport_introspection_cpp
-- Found rmw_implementation_cmake: 6.1.2 (/opt/ros/humble/share/rmw_implementation_cmake/cmake)
-- Found rmw_fastrtps_cpp: 6.2.8 (/opt/ros/humble/share/rmw_fastrtps_cpp/cmake)
-- Found OpenSSL: /usr/lib/x86_64-linux-gnu/libcrypto.so (found version "3.0.2")  
-- Found FastRTPS: /opt/ros/humble/include  
-- Using RMW implementation 'rmw_fastrtps_cpp' as default
-- Looking for pthread.h
-- Looking for pthread.h - found
-- Performing Test CMAKE_HAVE_LIBC_PTHREAD
-- Performing Test CMAKE_HAVE_LIBC_PTHREAD - Success
-- Found Threads: TRUE  
-- Found example_interfaces: 0.9.3 (/opt/ros/humble/share/example_interfaces/cmake)
-- Found ament_lint_auto: 0.12.14 (/opt/ros/humble/share/ament_lint_auto/cmake)
-- Added test 'cppcheck' to perform static code analysis on C / C++ code
-- Configured cppcheck include dirs: 
-- Configured cppcheck exclude dirs and/or files: 
-- Added test 'lint_cmake' to check CMake code style
-- Added test 'uncrustify' to check C / C++ code style
-- Configured uncrustify additional arguments: 
-- Added test 'xmllint' to check XML markup files
-- Configuring done
-- Generating done
-- Build files have been written to: /home/robot/ros2_node_template_ws/build/cpp_general_pkg
[ 10%] [32mBuilding CXX object CMakeFiles/simple_node.dir/src/simple_node.cpp.o[0m
[ 20%] [32mBuilding CXX object CMakeFiles/simple_subscriber_node.dir/src/simple_subscriber_node.cpp.o[0m
[ 30%] [32mBuilding CXX object CMakeFiles/simple_server_node.dir/src/simple_server_node.cpp.o[0m
[ 40%] [32mBuilding CXX object CMakeFiles/simple_publisher_node.dir/src/simple_publisher_node.cpp.o[0m
[ 50%] [32mBuilding CXX object CMakeFiles/simple_client_node.dir/src/simple_client_node.cpp.o[0m
[ 60%] [32m[1mLinking CXX executable simple_node[0m
[ 60%] Built target simple_node
[ 70%] [32m[1mLinking CXX executable simple_server_node[0m
[ 70%] Built target simple_server_node
[ 80%] [32m[1mLinking CXX executable simple_client_node[0m
[ 80%] Built target simple_client_node
[ 90%] [32m[1mLinking CXX executable simple_publisher_node[0m
[ 90%] Built target simple_publisher_node
[100%] [32m[1mLinking CXX executable simple_subscriber_node[0m
[100%] Built target simple_subscriber_node
-- Install configuration: ""
-- Installing: /home/robot/ros2_node_template_ws/install/cpp_general_pkg/lib/cpp_general_pkg/simple_node
-- Set runtime path of "/home/robot/ros2_node_template_ws/install/cpp_general_pkg/lib/cpp_general_pkg/simple_node" to ""
-- Installing: /home/robot/ros2_node_template_ws/install/cpp_general_pkg/lib/cpp_general_pkg/simple_publisher_node
-- Set runtime path of "/home/robot/ros2_node_template_ws/install/cpp_general_pkg/lib/cpp_general_pkg/simple_publisher_node" to ""
-- Installing: /home/robot/ros2_node_template_ws/install/cpp_general_pkg/lib/cpp_general_pkg/simple_subscriber_node
-- Set runtime path of "/home/robot/ros2_node_template_ws/install/cpp_general_pkg/lib/cpp_general_pkg/simple_subscriber_node" to ""
-- Installing: /home/robot/ros2_node_template_ws/install/cpp_general_pkg/lib/cpp_general_pkg/simple_server_node
-- Set runtime path of "/home/robot/ros2_node_template_ws/install/cpp_general_pkg/lib/cpp_general_pkg/simple_server_node" to ""
-- Installing: /home/robot/ros2_node_template_ws/install/cpp_general_pkg/lib/cpp_general_pkg/simple_client_node
-- Set runtime path of "/home/robot/ros2_node_template_ws/install/cpp_general_pkg/lib/cpp_general_pkg/simple_client_node" to ""
-- Installing: /home/robot/ros2_node_template_ws/install/cpp_general_pkg/share/ament_index/resource_index/package_run_dependencies/cpp_general_pkg
-- Installing: /home/robot/ros2_node_template_ws/install/cpp_general_pkg/share/ament_index/resource_index/parent_prefix_path/cpp_general_pkg
-- Installing: /home/robot/ros2_node_template_ws/install/cpp_general_pkg/share/cpp_general_pkg/environment/ament_prefix_path.sh
-- Installing: /home/robot/ros2_node_template_ws/install/cpp_general_pkg/share/cpp_general_pkg/environment/ament_prefix_path.dsv
-- Installing: /home/robot/ros2_node_template_ws/install/cpp_general_pkg/share/cpp_general_pkg/environment/path.sh
-- Installing: /home/robot/ros2_node_template_ws/install/cpp_general_pkg/share/cpp_general_pkg/environment/path.dsv
-- Installing: /home/robot/ros2_node_template_ws/install/cpp_general_pkg/share/cpp_general_pkg/local_setup.bash
-- Installing: /home/robot/ros2_node_template_ws/install/cpp_general_pkg/share/cpp_general_pkg/local_setup.sh
-- Installing: /home/robot/ros2_node_template_ws/install/cpp_general_pkg/share/cpp_general_pkg/local_setup.zsh
-- Installing: /home/robot/ros2_node_template_ws/install/cpp_general_pkg/share/cpp_general_pkg/local_setup.dsv
-- Installing: /home/robot/ros2_node_template_ws/install/cpp_general_pkg/share/cpp_general_pkg/package.dsv
-- Installing: /home/robot/ros2_node_template_ws/install/cpp_general_pkg/share/ament_index/resource_index/packages/cpp_general_pkg
-- Installing: /home/robot/ros2_node_template_ws/install/cpp_general_pkg/share/cpp_general_pkg/cmake/cpp_general_pkgConfig.cmake
-- Installing: /home/robot/ros2_node_template_ws/install/cpp_general_pkg/share/cpp_general_pkg/cmake/cpp_general_pkgConfig-version.cmake
-- Installing: /home/robot/ros2_node_template_ws/install/cpp_general_pkg/share/cpp_general_pkg/package.xml
