[0.013s] Invoking command in '/home/robot/ros2_node_template_ws/build/cpp_general_pkg': /usr/bin/cmake /home/robot/ros2_node_template_ws/src/cpp_general_pkg -DCMAKE_INSTALL_PREFIX=/home/robot/ros2_node_template_ws/install/cpp_general_pkg
[0.093s] -- The C compiler identification is GNU 11.4.0
[0.173s] -- The CXX compiler identification is GNU 11.4.0
[0.181s] -- Detecting C compiler ABI info
[0.250s] -- Detecting C compiler ABI info - done
[0.255s] -- Check for working C compiler: /usr/bin/cc - skipped
[0.255s] -- Detecting C compile features
[0.256s] -- Detecting C compile features - done
[0.259s] -- Detecting CXX compiler ABI info
[0.327s] -- Detecting CXX compiler ABI info - done
[0.333s] -- Check for working CXX compiler: /usr/bin/c++ - skipped
[0.333s] -- Detecting CXX compile features
[0.333s] -- Detecting CXX compile features - done
[0.338s] -- Found ament_cmake: 1.3.12 (/opt/ros/humble/share/ament_cmake/cmake)
[0.465s] -- Found Python3: /usr/bin/python3 (found version "3.10.12") found components: Interpreter 
[0.552s] -- Found rclcpp: 16.0.14 (/opt/ros/humble/share/rclcpp/cmake)
[0.590s] -- Found rosidl_generator_c: 3.1.7 (/opt/ros/humble/share/rosidl_generator_c/cmake)
[0.593s] -- Found rosidl_adapter: 3.1.7 (/opt/ros/humble/share/rosidl_adapter/cmake)
[0.601s] -- Found rosidl_generator_cpp: 3.1.7 (/opt/ros/humble/share/rosidl_generator_cpp/cmake)
[0.614s] -- Using all available rosidl_typesupport_c: rosidl_typesupport_fastrtps_c;rosidl_typesupport_introspection_c
[0.630s] -- Using all available rosidl_typesupport_cpp: rosidl_typesupport_fastrtps_cpp;rosidl_typesupport_introspection_cpp
[0.671s] -- Found rmw_implementation_cmake: 6.1.2 (/opt/ros/humble/share/rmw_implementation_cmake/cmake)
[0.674s] -- Found rmw_fastrtps_cpp: 6.2.8 (/opt/ros/humble/share/rmw_fastrtps_cpp/cmake)
[0.756s] -- Found OpenSSL: /usr/lib/x86_64-linux-gnu/libcrypto.so (found version "3.0.2")  
[0.779s] -- Found FastRTPS: /opt/ros/humble/include  
[0.809s] -- Using RMW implementation 'rmw_fastrtps_cpp' as default
[0.817s] -- Looking for pthread.h
[0.889s] -- Looking for pthread.h - found
[0.889s] -- Performing Test CMAKE_HAVE_LIBC_PTHREAD
[0.953s] -- Performing Test CMAKE_HAVE_LIBC_PTHREAD - Success
[0.953s] -- Found Threads: TRUE  
[0.999s] -- Found example_interfaces: 0.9.3 (/opt/ros/humble/share/example_interfaces/cmake)
[1.036s] -- Found ament_lint_auto: 0.12.14 (/opt/ros/humble/share/ament_lint_auto/cmake)
[1.099s] -- Added test 'cppcheck' to perform static code analysis on C / C++ code
[1.099s] -- Configured cppcheck include dirs: 
[1.099s] -- Configured cppcheck exclude dirs and/or files: 
[1.100s] -- Added test 'lint_cmake' to check CMake code style
[1.101s] -- Added test 'uncrustify' to check C / C++ code style
[1.101s] -- Configured uncrustify additional arguments: 
[1.101s] -- Added test 'xmllint' to check XML markup files
[1.102s] -- Configuring done
[1.116s] -- Generating done
[1.122s] -- Build files have been written to: /home/robot/ros2_node_template_ws/build/cpp_general_pkg
[1.131s] Invoked command in '/home/robot/ros2_node_template_ws/build/cpp_general_pkg' returned '0': /usr/bin/cmake /home/robot/ros2_node_template_ws/src/cpp_general_pkg -DCMAKE_INSTALL_PREFIX=/home/robot/ros2_node_template_ws/install/cpp_general_pkg
[1.133s] Invoking command in '/home/robot/ros2_node_template_ws/build/cpp_general_pkg': /usr/bin/cmake --build /home/robot/ros2_node_template_ws/build/cpp_general_pkg -- -j18 -l18
[1.172s] [ 10%] [32mBuilding CXX object CMakeFiles/simple_node.dir/src/simple_node.cpp.o[0m
[1.174s] [ 20%] [32mBuilding CXX object CMakeFiles/simple_subscriber_node.dir/src/simple_subscriber_node.cpp.o[0m
[1.175s] [ 30%] [32mBuilding CXX object CMakeFiles/simple_server_node.dir/src/simple_server_node.cpp.o[0m
[1.176s] [ 40%] [32mBuilding CXX object CMakeFiles/simple_publisher_node.dir/src/simple_publisher_node.cpp.o[0m
[1.177s] [ 50%] [32mBuilding CXX object CMakeFiles/simple_client_node.dir/src/simple_client_node.cpp.o[0m
[4.087s] [ 60%] [32m[1mLinking CXX executable simple_node[0m
[4.194s] [ 60%] Built target simple_node
[4.820s] [ 70%] [32m[1mLinking CXX executable simple_server_node[0m
[4.995s] [ 70%] Built target simple_server_node
[5.169s] [ 80%] [32m[1mLinking CXX executable simple_client_node[0m
[5.306s] [ 80%] Built target simple_client_node
[5.640s] [ 90%] [32m[1mLinking CXX executable simple_publisher_node[0m
[5.819s] [ 90%] Built target simple_publisher_node
[8.609s] [100%] [32m[1mLinking CXX executable simple_subscriber_node[0m
[8.887s] [100%] Built target simple_subscriber_node
[8.936s] Invoked command in '/home/robot/ros2_node_template_ws/build/cpp_general_pkg' returned '0': /usr/bin/cmake --build /home/robot/ros2_node_template_ws/build/cpp_general_pkg -- -j18 -l18
[8.946s] Invoking command in '/home/robot/ros2_node_template_ws/build/cpp_general_pkg': /usr/bin/cmake --install /home/robot/ros2_node_template_ws/build/cpp_general_pkg
[8.957s] -- Install configuration: ""
[8.957s] -- Installing: /home/robot/ros2_node_template_ws/install/cpp_general_pkg/lib/cpp_general_pkg/simple_node
[8.957s] -- Set runtime path of "/home/robot/ros2_node_template_ws/install/cpp_general_pkg/lib/cpp_general_pkg/simple_node" to ""
[8.957s] -- Installing: /home/robot/ros2_node_template_ws/install/cpp_general_pkg/lib/cpp_general_pkg/simple_publisher_node
[8.958s] -- Set runtime path of "/home/robot/ros2_node_template_ws/install/cpp_general_pkg/lib/cpp_general_pkg/simple_publisher_node" to ""
[8.958s] -- Installing: /home/robot/ros2_node_template_ws/install/cpp_general_pkg/lib/cpp_general_pkg/simple_subscriber_node
[8.960s] -- Set runtime path of "/home/robot/ros2_node_template_ws/install/cpp_general_pkg/lib/cpp_general_pkg/simple_subscriber_node" to ""
[8.960s] -- Installing: /home/robot/ros2_node_template_ws/install/cpp_general_pkg/lib/cpp_general_pkg/simple_server_node
[8.961s] -- Set runtime path of "/home/robot/ros2_node_template_ws/install/cpp_general_pkg/lib/cpp_general_pkg/simple_server_node" to ""
[8.961s] -- Installing: /home/robot/ros2_node_template_ws/install/cpp_general_pkg/lib/cpp_general_pkg/simple_client_node
[8.961s] -- Set runtime path of "/home/robot/ros2_node_template_ws/install/cpp_general_pkg/lib/cpp_general_pkg/simple_client_node" to ""
[8.961s] -- Installing: /home/robot/ros2_node_template_ws/install/cpp_general_pkg/share/ament_index/resource_index/package_run_dependencies/cpp_general_pkg
[8.961s] -- Installing: /home/robot/ros2_node_template_ws/install/cpp_general_pkg/share/ament_index/resource_index/parent_prefix_path/cpp_general_pkg
[8.962s] -- Installing: /home/robot/ros2_node_template_ws/install/cpp_general_pkg/share/cpp_general_pkg/environment/ament_prefix_path.sh
[8.962s] -- Installing: /home/robot/ros2_node_template_ws/install/cpp_general_pkg/share/cpp_general_pkg/environment/ament_prefix_path.dsv
[8.962s] -- Installing: /home/robot/ros2_node_template_ws/install/cpp_general_pkg/share/cpp_general_pkg/environment/path.sh
[8.962s] -- Installing: /home/robot/ros2_node_template_ws/install/cpp_general_pkg/share/cpp_general_pkg/environment/path.dsv
[8.962s] -- Installing: /home/robot/ros2_node_template_ws/install/cpp_general_pkg/share/cpp_general_pkg/local_setup.bash
[8.962s] -- Installing: /home/robot/ros2_node_template_ws/install/cpp_general_pkg/share/cpp_general_pkg/local_setup.sh
[8.962s] -- Installing: /home/robot/ros2_node_template_ws/install/cpp_general_pkg/share/cpp_general_pkg/local_setup.zsh
[8.962s] -- Installing: /home/robot/ros2_node_template_ws/install/cpp_general_pkg/share/cpp_general_pkg/local_setup.dsv
[8.962s] -- Installing: /home/robot/ros2_node_template_ws/install/cpp_general_pkg/share/cpp_general_pkg/package.dsv
[8.962s] -- Installing: /home/robot/ros2_node_template_ws/install/cpp_general_pkg/share/ament_index/resource_index/packages/cpp_general_pkg
[8.962s] -- Installing: /home/robot/ros2_node_template_ws/install/cpp_general_pkg/share/cpp_general_pkg/cmake/cpp_general_pkgConfig.cmake
[8.962s] -- Installing: /home/robot/ros2_node_template_ws/install/cpp_general_pkg/share/cpp_general_pkg/cmake/cpp_general_pkgConfig-version.cmake
[8.962s] -- Installing: /home/robot/ros2_node_template_ws/install/cpp_general_pkg/share/cpp_general_pkg/package.xml
[8.966s] Invoked command in '/home/robot/ros2_node_template_ws/build/cpp_general_pkg' returned '0': /usr/bin/cmake --install /home/robot/ros2_node_template_ws/build/cpp_general_pkg
