running egg_info
creating ../../build/python_general_pkg/python_general_pkg.egg-info
writing ../../build/python_general_pkg/python_general_pkg.egg-info/PKG-INFO
writing dependency_links to ../../build/python_general_pkg/python_general_pkg.egg-info/dependency_links.txt
writing entry points to ../../build/python_general_pkg/python_general_pkg.egg-info/entry_points.txt
writing requirements to ../../build/python_general_pkg/python_general_pkg.egg-info/requires.txt
writing top-level names to ../../build/python_general_pkg/python_general_pkg.egg-info/top_level.txt
writing manifest file '../../build/python_general_pkg/python_general_pkg.egg-info/SOURCES.txt'
reading manifest file '../../build/python_general_pkg/python_general_pkg.egg-info/SOURCES.txt'
writing manifest file '../../build/python_general_pkg/python_general_pkg.egg-info/SOURCES.txt'
running build
running build_py
creating /home/robot/ros2_node_template_ws/build/python_general_pkg/build
creating /home/robot/ros2_node_template_ws/build/python_general_pkg/build/lib
creating /home/robot/ros2_node_template_ws/build/python_general_pkg/build/lib/python_general_pkg
copying python_general_pkg/__init__.py -> /home/robot/ros2_node_template_ws/build/python_general_pkg/build/lib/python_general_pkg
copying python_general_pkg/simple_server_node.py -> /home/robot/ros2_node_template_ws/build/python_general_pkg/build/lib/python_general_pkg
copying python_general_pkg/simple_client_node.py -> /home/robot/ros2_node_template_ws/build/python_general_pkg/build/lib/python_general_pkg
copying python_general_pkg/simple_node.py -> /home/robot/ros2_node_template_ws/build/python_general_pkg/build/lib/python_general_pkg
copying python_general_pkg/simple_publisher_node.py -> /home/robot/ros2_node_template_ws/build/python_general_pkg/build/lib/python_general_pkg
copying python_general_pkg/simple_subscriber_node.py -> /home/robot/ros2_node_template_ws/build/python_general_pkg/build/lib/python_general_pkg
running install
running install_lib
creating /home/robot/ros2_node_template_ws/install/python_general_pkg/lib/python3.10/site-packages/python_general_pkg
copying /home/robot/ros2_node_template_ws/build/python_general_pkg/build/lib/python_general_pkg/__init__.py -> /home/robot/ros2_node_template_ws/install/python_general_pkg/lib/python3.10/site-packages/python_general_pkg
copying /home/robot/ros2_node_template_ws/build/python_general_pkg/build/lib/python_general_pkg/simple_server_node.py -> /home/robot/ros2_node_template_ws/install/python_general_pkg/lib/python3.10/site-packages/python_general_pkg
copying /home/robot/ros2_node_template_ws/build/python_general_pkg/build/lib/python_general_pkg/simple_client_node.py -> /home/robot/ros2_node_template_ws/install/python_general_pkg/lib/python3.10/site-packages/python_general_pkg
copying /home/robot/ros2_node_template_ws/build/python_general_pkg/build/lib/python_general_pkg/simple_node.py -> /home/robot/ros2_node_template_ws/install/python_general_pkg/lib/python3.10/site-packages/python_general_pkg
copying /home/robot/ros2_node_template_ws/build/python_general_pkg/build/lib/python_general_pkg/simple_publisher_node.py -> /home/robot/ros2_node_template_ws/install/python_general_pkg/lib/python3.10/site-packages/python_general_pkg
copying /home/robot/ros2_node_template_ws/build/python_general_pkg/build/lib/python_general_pkg/simple_subscriber_node.py -> /home/robot/ros2_node_template_ws/install/python_general_pkg/lib/python3.10/site-packages/python_general_pkg
byte-compiling /home/robot/ros2_node_template_ws/install/python_general_pkg/lib/python3.10/site-packages/python_general_pkg/__init__.py to __init__.cpython-310.pyc
byte-compiling /home/robot/ros2_node_template_ws/install/python_general_pkg/lib/python3.10/site-packages/python_general_pkg/simple_server_node.py to simple_server_node.cpython-310.pyc
byte-compiling /home/robot/ros2_node_template_ws/install/python_general_pkg/lib/python3.10/site-packages/python_general_pkg/simple_client_node.py to simple_client_node.cpython-310.pyc
byte-compiling /home/robot/ros2_node_template_ws/install/python_general_pkg/lib/python3.10/site-packages/python_general_pkg/simple_node.py to simple_node.cpython-310.pyc
byte-compiling /home/robot/ros2_node_template_ws/install/python_general_pkg/lib/python3.10/site-packages/python_general_pkg/simple_publisher_node.py to simple_publisher_node.cpython-310.pyc
byte-compiling /home/robot/ros2_node_template_ws/install/python_general_pkg/lib/python3.10/site-packages/python_general_pkg/simple_subscriber_node.py to simple_subscriber_node.cpython-310.pyc
running install_data
creating /home/robot/ros2_node_template_ws/install/python_general_pkg/share/ament_index
creating /home/robot/ros2_node_template_ws/install/python_general_pkg/share/ament_index/resource_index
creating /home/robot/ros2_node_template_ws/install/python_general_pkg/share/ament_index/resource_index/packages
copying resource/python_general_pkg -> /home/robot/ros2_node_template_ws/install/python_general_pkg/share/ament_index/resource_index/packages
copying package.xml -> /home/robot/ros2_node_template_ws/install/python_general_pkg/share/python_general_pkg
creating /home/robot/ros2_node_template_ws/install/python_general_pkg/share/python_general_pkg/launch
copying launch/simple_subscriber_or_server.launch.py -> /home/robot/ros2_node_template_ws/install/python_general_pkg/share/python_general_pkg/launch
running install_egg_info
Copying ../../build/python_general_pkg/python_general_pkg.egg-info to /home/robot/ros2_node_template_ws/install/python_general_pkg/lib/python3.10/site-packages/python_general_pkg-0.0.0-py3.10.egg-info
running install_scripts
Installing simple_client_node script to /home/robot/ros2_node_template_ws/install/python_general_pkg/lib/python_general_pkg
Installing simple_node script to /home/robot/ros2_node_template_ws/install/python_general_pkg/lib/python_general_pkg
Installing simple_publisher_node script to /home/robot/ros2_node_template_ws/install/python_general_pkg/lib/python_general_pkg
Installing simple_server_node script to /home/robot/ros2_node_template_ws/install/python_general_pkg/lib/python_general_pkg
Installing simple_subscriber_node script to /home/robot/ros2_node_template_ws/install/python_general_pkg/lib/python_general_pkg
writing list of installed files to '/home/robot/ros2_node_template_ws/build/python_general_pkg/install.log'
