[0.009s] Invoking command in '/home/robot/ros2_node_template_ws/build/cpp_general_pkg': /usr/bin/cmake --build /home/robot/ros2_node_template_ws/build/cpp_general_pkg -- -j18 -l18
[0.044s] [35m[1mConsolidate compiler generated dependencies of target simple_client_node[0m
[0.045s] [35m[1mConsolidate compiler generated dependencies of target simple_server_node[0m
[0.047s] [35m[1mConsolidate compiler generated dependencies of target simple_node[0m
[0.047s] [35m[1mConsolidate compiler generated dependencies of target simple_subscriber_node[0m
[0.047s] [35m[1mConsolidate compiler generated dependencies of target simple_publisher_node[0m
[0.055s] [ 20%] Built target simple_client_node
[0.060s] [ 40%] Built target simple_server_node
[0.060s] [ 60%] Built target simple_subscriber_node
[0.061s] [ 80%] Built target simple_node
[0.063s] [100%] Built target simple_publisher_node
[0.171s] Invoked command in '/home/robot/ros2_node_template_ws/build/cpp_general_pkg' returned '0': /usr/bin/cmake --build /home/robot/ros2_node_template_ws/build/cpp_general_pkg -- -j18 -l18
[0.184s] Invoking command in '/home/robot/ros2_node_template_ws/build/cpp_general_pkg': /usr/bin/cmake --install /home/robot/ros2_node_template_ws/build/cpp_general_pkg
[0.192s] -- Install configuration: ""
[0.192s] -- Up-to-date: /home/robot/ros2_node_template_ws/install/cpp_general_pkg/lib/cpp_general_pkg/simple_node
[0.193s] -- Up-to-date: /home/robot/ros2_node_template_ws/install/cpp_general_pkg/lib/cpp_general_pkg/simple_publisher_node
[0.193s] -- Up-to-date: /home/robot/ros2_node_template_ws/install/cpp_general_pkg/lib/cpp_general_pkg/simple_subscriber_node
[0.193s] -- Up-to-date: /home/robot/ros2_node_template_ws/install/cpp_general_pkg/lib/cpp_general_pkg/simple_server_node
[0.193s] -- Up-to-date: /home/robot/ros2_node_template_ws/install/cpp_general_pkg/lib/cpp_general_pkg/simple_client_node
[0.193s] -- Up-to-date: /home/robot/ros2_node_template_ws/install/cpp_general_pkg/share/ament_index/resource_index/package_run_dependencies/cpp_general_pkg
[0.193s] -- Up-to-date: /home/robot/ros2_node_template_ws/install/cpp_general_pkg/share/ament_index/resource_index/parent_prefix_path/cpp_general_pkg
[0.193s] -- Up-to-date: /home/robot/ros2_node_template_ws/install/cpp_general_pkg/share/cpp_general_pkg/environment/ament_prefix_path.sh
[0.193s] -- Up-to-date: /home/robot/ros2_node_template_ws/install/cpp_general_pkg/share/cpp_general_pkg/environment/ament_prefix_path.dsv
[0.194s] -- Up-to-date: /home/robot/ros2_node_template_ws/install/cpp_general_pkg/share/cpp_general_pkg/environment/path.sh
[0.194s] -- Up-to-date: /home/robot/ros2_node_template_ws/install/cpp_general_pkg/share/cpp_general_pkg/environment/path.dsv
[0.194s] -- Up-to-date: /home/robot/ros2_node_template_ws/install/cpp_general_pkg/share/cpp_general_pkg/local_setup.bash
[0.194s] -- Up-to-date: /home/robot/ros2_node_template_ws/install/cpp_general_pkg/share/cpp_general_pkg/local_setup.sh
[0.194s] -- Up-to-date: /home/robot/ros2_node_template_ws/install/cpp_general_pkg/share/cpp_general_pkg/local_setup.zsh
[0.194s] -- Up-to-date: /home/robot/ros2_node_template_ws/install/cpp_general_pkg/share/cpp_general_pkg/local_setup.dsv
[0.194s] -- Installing: /home/robot/ros2_node_template_ws/install/cpp_general_pkg/share/cpp_general_pkg/package.dsv
[0.194s] -- Up-to-date: /home/robot/ros2_node_template_ws/install/cpp_general_pkg/share/ament_index/resource_index/packages/cpp_general_pkg
[0.194s] -- Up-to-date: /home/robot/ros2_node_template_ws/install/cpp_general_pkg/share/cpp_general_pkg/cmake/cpp_general_pkgConfig.cmake
[0.194s] -- Up-to-date: /home/robot/ros2_node_template_ws/install/cpp_general_pkg/share/cpp_general_pkg/cmake/cpp_general_pkgConfig-version.cmake
[0.194s] -- Up-to-date: /home/robot/ros2_node_template_ws/install/cpp_general_pkg/share/cpp_general_pkg/package.xml
[0.196s] Invoked command in '/home/robot/ros2_node_template_ws/build/cpp_general_pkg' returned '0': /usr/bin/cmake --install /home/robot/ros2_node_template_ws/build/cpp_general_pkg
