[0.066s] DEBUG:colcon:Command line arguments: ['/usr/bin/colcon', 'build']
[0.066s] DEBUG:colcon:Parsed command line arguments: Namespace(log_base=None, log_level=None, verb_name='build', build_base='build', install_base='install', merge_install=False, symlink_install=False, test_result_base=None, continue_on_error=False, executor='parallel', parallel_workers=18, event_handlers=None, ignore_user_meta=False, metas=['./colcon.meta'], base_paths=['.'], packages_ignore=None, packages_ignore_regex=None, paths=None, packages_up_to=None, packages_up_to_regex=None, packages_above=None, packages_above_and_dependencies=None, packages_above_depth=None, packages_select_by_dep=None, packages_skip_by_dep=None, packages_skip_up_to=None, packages_select_build_failed=False, packages_skip_build_finished=False, packages_select_test_failures=False, packages_skip_test_passed=False, packages_select=None, packages_skip=None, packages_select_regex=None, packages_skip_regex=None, packages_start=None, packages_end=None, allow_overriding=[], cmake_args=None, cmake_target=None, cmake_target_skip_unavailable=False, cmake_clean_cache=False, cmake_clean_first=False, cmake_force_configure=False, ament_cmake_args=None, catkin_cmake_args=None, catkin_skip_building_tests=False, verb_parser=<colcon_defaults.argument_parser.defaults.DefaultArgumentsDecorator object at 0x791f5ef58430>, verb_extension=<colcon_core.verb.build.BuildVerb object at 0x791f5f0c4ac0>, main=<bound method BuildVerb.main of <colcon_core.verb.build.BuildVerb object at 0x791f5f0c4ac0>>)
[0.164s] Level 1:colcon.colcon_core.package_discovery:discover_packages(colcon_meta) check parameters
[0.164s] Level 1:colcon.colcon_core.package_discovery:discover_packages(recursive) check parameters
[0.164s] Level 1:colcon.colcon_core.package_discovery:discover_packages(ignore) check parameters
[0.164s] Level 1:colcon.colcon_core.package_discovery:discover_packages(path) check parameters
[0.164s] Level 1:colcon.colcon_core.package_discovery:discover_packages(colcon_meta) discover
[0.164s] Level 1:colcon.colcon_core.package_discovery:discover_packages(recursive) discover
[0.164s] INFO:colcon.colcon_core.package_discovery:Crawling recursively for packages in '/home/robot/ros2_node_template_ws'
[0.164s] Level 1:colcon.colcon_core.package_identification:_identify(.) by extensions ['ignore', 'ignore_ament_install']
[0.164s] Level 1:colcon.colcon_core.package_identification:_identify(.) by extension 'ignore'
[0.164s] Level 1:colcon.colcon_core.package_identification:_identify(.) by extension 'ignore_ament_install'
[0.164s] Level 1:colcon.colcon_core.package_identification:_identify(.) by extensions ['colcon_pkg']
[0.164s] Level 1:colcon.colcon_core.package_identification:_identify(.) by extension 'colcon_pkg'
[0.164s] Level 1:colcon.colcon_core.package_identification:_identify(.) by extensions ['colcon_meta']
[0.164s] Level 1:colcon.colcon_core.package_identification:_identify(.) by extension 'colcon_meta'
[0.164s] Level 1:colcon.colcon_core.package_identification:_identify(.) by extensions ['ros']
[0.164s] Level 1:colcon.colcon_core.package_identification:_identify(.) by extension 'ros'
[0.171s] Level 1:colcon.colcon_core.package_identification:_identify(.) by extensions ['cmake', 'python']
[0.171s] Level 1:colcon.colcon_core.package_identification:_identify(.) by extension 'cmake'
[0.171s] Level 1:colcon.colcon_core.package_identification:_identify(.) by extension 'python'
[0.171s] Level 1:colcon.colcon_core.package_identification:_identify(.) by extensions ['python_setup_py']
[0.171s] Level 1:colcon.colcon_core.package_identification:_identify(.) by extension 'python_setup_py'
[0.171s] Level 1:colcon.colcon_core.package_identification:_identify(build) by extensions ['ignore', 'ignore_ament_install']
[0.171s] Level 1:colcon.colcon_core.package_identification:_identify(build) by extension 'ignore'
[0.171s] Level 1:colcon.colcon_core.package_identification:_identify(build) ignored
[0.171s] Level 1:colcon.colcon_core.package_identification:_identify(install) by extensions ['ignore', 'ignore_ament_install']
[0.171s] Level 1:colcon.colcon_core.package_identification:_identify(install) by extension 'ignore'
[0.171s] Level 1:colcon.colcon_core.package_identification:_identify(install) ignored
[0.171s] Level 1:colcon.colcon_core.package_identification:_identify(log) by extensions ['ignore', 'ignore_ament_install']
[0.171s] Level 1:colcon.colcon_core.package_identification:_identify(log) by extension 'ignore'
[0.171s] Level 1:colcon.colcon_core.package_identification:_identify(log) ignored
[0.172s] Level 1:colcon.colcon_core.package_identification:_identify(src) by extensions ['ignore', 'ignore_ament_install']
[0.172s] Level 1:colcon.colcon_core.package_identification:_identify(src) by extension 'ignore'
[0.172s] Level 1:colcon.colcon_core.package_identification:_identify(src) by extension 'ignore_ament_install'
[0.172s] Level 1:colcon.colcon_core.package_identification:_identify(src) by extensions ['colcon_pkg']
[0.172s] Level 1:colcon.colcon_core.package_identification:_identify(src) by extension 'colcon_pkg'
[0.172s] Level 1:colcon.colcon_core.package_identification:_identify(src) by extensions ['colcon_meta']
[0.172s] Level 1:colcon.colcon_core.package_identification:_identify(src) by extension 'colcon_meta'
[0.172s] Level 1:colcon.colcon_core.package_identification:_identify(src) by extensions ['ros']
[0.172s] Level 1:colcon.colcon_core.package_identification:_identify(src) by extension 'ros'
[0.172s] Level 1:colcon.colcon_core.package_identification:_identify(src) by extensions ['cmake', 'python']
[0.172s] Level 1:colcon.colcon_core.package_identification:_identify(src) by extension 'cmake'
[0.172s] Level 1:colcon.colcon_core.package_identification:_identify(src) by extension 'python'
[0.172s] Level 1:colcon.colcon_core.package_identification:_identify(src) by extensions ['python_setup_py']
[0.172s] Level 1:colcon.colcon_core.package_identification:_identify(src) by extension 'python_setup_py'
[0.172s] Level 1:colcon.colcon_core.package_identification:_identify(src/cpp_general_pkg) by extensions ['ignore', 'ignore_ament_install']
[0.172s] Level 1:colcon.colcon_core.package_identification:_identify(src/cpp_general_pkg) by extension 'ignore'
[0.172s] Level 1:colcon.colcon_core.package_identification:_identify(src/cpp_general_pkg) by extension 'ignore_ament_install'
[0.172s] Level 1:colcon.colcon_core.package_identification:_identify(src/cpp_general_pkg) by extensions ['colcon_pkg']
[0.172s] Level 1:colcon.colcon_core.package_identification:_identify(src/cpp_general_pkg) by extension 'colcon_pkg'
[0.172s] Level 1:colcon.colcon_core.package_identification:_identify(src/cpp_general_pkg) by extensions ['colcon_meta']
[0.172s] Level 1:colcon.colcon_core.package_identification:_identify(src/cpp_general_pkg) by extension 'colcon_meta'
[0.172s] Level 1:colcon.colcon_core.package_identification:_identify(src/cpp_general_pkg) by extensions ['ros']
[0.172s] Level 1:colcon.colcon_core.package_identification:_identify(src/cpp_general_pkg) by extension 'ros'
[0.174s] DEBUG:colcon.colcon_core.package_identification:Package 'src/cpp_general_pkg' with type 'ros.ament_cmake' and name 'cpp_general_pkg'
[0.174s] Level 1:colcon.colcon_core.package_identification:_identify(src/python_general_pkg) by extensions ['ignore', 'ignore_ament_install']
[0.174s] Level 1:colcon.colcon_core.package_identification:_identify(src/python_general_pkg) by extension 'ignore'
[0.174s] Level 1:colcon.colcon_core.package_identification:_identify(src/python_general_pkg) by extension 'ignore_ament_install'
[0.174s] Level 1:colcon.colcon_core.package_identification:_identify(src/python_general_pkg) by extensions ['colcon_pkg']
[0.174s] Level 1:colcon.colcon_core.package_identification:_identify(src/python_general_pkg) by extension 'colcon_pkg'
[0.174s] Level 1:colcon.colcon_core.package_identification:_identify(src/python_general_pkg) by extensions ['colcon_meta']
[0.174s] Level 1:colcon.colcon_core.package_identification:_identify(src/python_general_pkg) by extension 'colcon_meta'
[0.174s] Level 1:colcon.colcon_core.package_identification:_identify(src/python_general_pkg) by extensions ['ros']
[0.174s] Level 1:colcon.colcon_core.package_identification:_identify(src/python_general_pkg) by extension 'ros'
[0.174s] DEBUG:colcon.colcon_core.package_identification:Package 'src/python_general_pkg' with type 'ros.ament_python' and name 'python_general_pkg'
[0.174s] Level 1:colcon.colcon_core.package_discovery:discover_packages(recursive) using defaults
[0.174s] Level 1:colcon.colcon_core.package_discovery:discover_packages(ignore) discover
[0.174s] Level 1:colcon.colcon_core.package_discovery:discover_packages(ignore) using defaults
[0.174s] Level 1:colcon.colcon_core.package_discovery:discover_packages(path) discover
[0.174s] Level 1:colcon.colcon_core.package_discovery:discover_packages(path) using defaults
[0.186s] Level 1:colcon.colcon_core.package_discovery:discover_packages(prefix_path) check parameters
[0.187s] Level 1:colcon.colcon_core.package_discovery:discover_packages(prefix_path) discover
[0.195s] DEBUG:colcon.colcon_installed_package_information.package_discovery:Found 348 installed packages in /opt/ros/humble
[0.196s] Level 1:colcon.colcon_core.package_discovery:discover_packages(prefix_path) using defaults
[0.223s] Level 5:colcon.colcon_core.verb:set package 'cpp_general_pkg' build argument 'cmake_args' from command line to 'None'
[0.223s] Level 5:colcon.colcon_core.verb:set package 'cpp_general_pkg' build argument 'cmake_target' from command line to 'None'
[0.223s] Level 5:colcon.colcon_core.verb:set package 'cpp_general_pkg' build argument 'cmake_target_skip_unavailable' from command line to 'False'
[0.223s] Level 5:colcon.colcon_core.verb:set package 'cpp_general_pkg' build argument 'cmake_clean_cache' from command line to 'False'
[0.223s] Level 5:colcon.colcon_core.verb:set package 'cpp_general_pkg' build argument 'cmake_clean_first' from command line to 'False'
[0.223s] Level 5:colcon.colcon_core.verb:set package 'cpp_general_pkg' build argument 'cmake_force_configure' from command line to 'False'
[0.223s] Level 5:colcon.colcon_core.verb:set package 'cpp_general_pkg' build argument 'ament_cmake_args' from command line to 'None'
[0.223s] Level 5:colcon.colcon_core.verb:set package 'cpp_general_pkg' build argument 'catkin_cmake_args' from command line to 'None'
[0.223s] Level 5:colcon.colcon_core.verb:set package 'cpp_general_pkg' build argument 'catkin_skip_building_tests' from command line to 'False'
[0.223s] DEBUG:colcon.colcon_core.verb:Building package 'cpp_general_pkg' with the following arguments: {'ament_cmake_args': None, 'build_base': '/home/robot/ros2_node_template_ws/build/cpp_general_pkg', 'catkin_cmake_args': None, 'catkin_skip_building_tests': False, 'cmake_args': None, 'cmake_clean_cache': False, 'cmake_clean_first': False, 'cmake_force_configure': False, 'cmake_target': None, 'cmake_target_skip_unavailable': False, 'install_base': '/home/robot/ros2_node_template_ws/install/cpp_general_pkg', 'merge_install': False, 'path': '/home/robot/ros2_node_template_ws/src/cpp_general_pkg', 'symlink_install': False, 'test_result_base': None}
[0.223s] Level 5:colcon.colcon_core.verb:set package 'python_general_pkg' build argument 'cmake_args' from command line to 'None'
[0.223s] Level 5:colcon.colcon_core.verb:set package 'python_general_pkg' build argument 'cmake_target' from command line to 'None'
[0.223s] Level 5:colcon.colcon_core.verb:set package 'python_general_pkg' build argument 'cmake_target_skip_unavailable' from command line to 'False'
[0.223s] Level 5:colcon.colcon_core.verb:set package 'python_general_pkg' build argument 'cmake_clean_cache' from command line to 'False'
[0.223s] Level 5:colcon.colcon_core.verb:set package 'python_general_pkg' build argument 'cmake_clean_first' from command line to 'False'
[0.223s] Level 5:colcon.colcon_core.verb:set package 'python_general_pkg' build argument 'cmake_force_configure' from command line to 'False'
[0.223s] Level 5:colcon.colcon_core.verb:set package 'python_general_pkg' build argument 'ament_cmake_args' from command line to 'None'
[0.223s] Level 5:colcon.colcon_core.verb:set package 'python_general_pkg' build argument 'catkin_cmake_args' from command line to 'None'
[0.223s] Level 5:colcon.colcon_core.verb:set package 'python_general_pkg' build argument 'catkin_skip_building_tests' from command line to 'False'
[0.223s] DEBUG:colcon.colcon_core.verb:Building package 'python_general_pkg' with the following arguments: {'ament_cmake_args': None, 'build_base': '/home/robot/ros2_node_template_ws/build/python_general_pkg', 'catkin_cmake_args': None, 'catkin_skip_building_tests': False, 'cmake_args': None, 'cmake_clean_cache': False, 'cmake_clean_first': False, 'cmake_force_configure': False, 'cmake_target': None, 'cmake_target_skip_unavailable': False, 'install_base': '/home/robot/ros2_node_template_ws/install/python_general_pkg', 'merge_install': False, 'path': '/home/robot/ros2_node_template_ws/src/python_general_pkg', 'symlink_install': False, 'test_result_base': None}
[0.223s] INFO:colcon.colcon_core.executor:Executing jobs using 'parallel' executor
[0.224s] DEBUG:colcon.colcon_parallel_executor.executor.parallel:run_until_complete
[0.224s] INFO:colcon.colcon_ros.task.ament_cmake.build:Building ROS package in '/home/robot/ros2_node_template_ws/src/cpp_general_pkg' with build type 'ament_cmake'
[0.225s] INFO:colcon.colcon_cmake.task.cmake.build:Building CMake package in '/home/robot/ros2_node_template_ws/src/cpp_general_pkg'
[0.226s] INFO:colcon.colcon_core.plugin_system:Skipping extension 'colcon_core.shell.bat': Not used on non-Windows systems
[0.226s] INFO:colcon.colcon_core.shell:Skip shell extension 'powershell' for command environment: Not usable outside of PowerShell
[0.226s] DEBUG:colcon.colcon_core.shell:Skip shell extension 'dsv' for command environment
[0.228s] INFO:colcon.colcon_ros.task.ament_python.build:Building ROS package in '/home/robot/ros2_node_template_ws/src/python_general_pkg' with build type 'ament_python'
[0.228s] Level 1:colcon.colcon_core.shell:create_environment_hook('python_general_pkg', 'ament_prefix_path')
[0.228s] INFO:colcon.colcon_core.shell:Creating environment hook '/home/robot/ros2_node_template_ws/install/python_general_pkg/share/python_general_pkg/hook/ament_prefix_path.ps1'
[0.228s] INFO:colcon.colcon_core.shell:Creating environment descriptor '/home/robot/ros2_node_template_ws/install/python_general_pkg/share/python_general_pkg/hook/ament_prefix_path.dsv'
[0.229s] INFO:colcon.colcon_core.shell:Creating environment hook '/home/robot/ros2_node_template_ws/install/python_general_pkg/share/python_general_pkg/hook/ament_prefix_path.sh'
[0.229s] INFO:colcon.colcon_core.shell:Skip shell extension 'powershell' for command environment: Not usable outside of PowerShell
[0.229s] DEBUG:colcon.colcon_core.shell:Skip shell extension 'dsv' for command environment
[0.234s] DEBUG:colcon.colcon_core.event_handler.log_command:Invoking command in '/home/robot/ros2_node_template_ws/build/cpp_general_pkg': /usr/bin/cmake --build /home/robot/ros2_node_template_ws/build/cpp_general_pkg -- -j18 -l18
[0.390s] INFO:colcon.colcon_core.task.python.build:Building Python package in '/home/robot/ros2_node_template_ws/src/python_general_pkg'
[0.391s] INFO:colcon.colcon_core.shell:Skip shell extension 'powershell' for command environment: Not usable outside of PowerShell
[0.391s] DEBUG:colcon.colcon_core.shell:Skip shell extension 'dsv' for command environment
[0.396s] DEBUG:colcon.colcon_core.event_handler.log_command:Invoked command in '/home/robot/ros2_node_template_ws/build/cpp_general_pkg' returned '0': /usr/bin/cmake --build /home/robot/ros2_node_template_ws/build/cpp_general_pkg -- -j18 -l18
[0.409s] DEBUG:colcon.colcon_core.event_handler.log_command:Invoking command in '/home/robot/ros2_node_template_ws/build/cpp_general_pkg': /usr/bin/cmake --install /home/robot/ros2_node_template_ws/build/cpp_general_pkg
[0.420s] Level 1:colcon.colcon_core.environment:create_environment_scripts_only(cpp_general_pkg)
[0.421s] DEBUG:colcon.colcon_core.event_handler.log_command:Invoked command in '/home/robot/ros2_node_template_ws/build/cpp_general_pkg' returned '0': /usr/bin/cmake --install /home/robot/ros2_node_template_ws/build/cpp_general_pkg
[0.423s] Level 1:colcon.colcon_core.environment:checking '/home/robot/ros2_node_template_ws/install/cpp_general_pkg' for CMake module files
[0.424s] Level 1:colcon.colcon_core.environment:checking '/home/robot/ros2_node_template_ws/install/cpp_general_pkg' for CMake config files
[0.424s] Level 1:colcon.colcon_core.shell:create_environment_hook('cpp_general_pkg', 'cmake_prefix_path')
[0.425s] INFO:colcon.colcon_core.shell:Creating environment hook '/home/robot/ros2_node_template_ws/install/cpp_general_pkg/share/cpp_general_pkg/hook/cmake_prefix_path.ps1'
[0.425s] INFO:colcon.colcon_core.shell:Creating environment descriptor '/home/robot/ros2_node_template_ws/install/cpp_general_pkg/share/cpp_general_pkg/hook/cmake_prefix_path.dsv'
[0.425s] INFO:colcon.colcon_core.shell:Creating environment hook '/home/robot/ros2_node_template_ws/install/cpp_general_pkg/share/cpp_general_pkg/hook/cmake_prefix_path.sh'
[0.426s] Level 1:colcon.colcon_core.environment:checking '/home/robot/ros2_node_template_ws/install/cpp_general_pkg/lib'
[0.426s] Level 1:colcon.colcon_core.environment:checking '/home/robot/ros2_node_template_ws/install/cpp_general_pkg/bin'
[0.426s] Level 1:colcon.colcon_core.environment:checking '/home/robot/ros2_node_template_ws/install/cpp_general_pkg/lib/pkgconfig/cpp_general_pkg.pc'
[0.427s] Level 1:colcon.colcon_core.environment:checking '/home/robot/ros2_node_template_ws/install/cpp_general_pkg/lib/python3.10/site-packages'
[0.427s] Level 1:colcon.colcon_core.environment:checking '/home/robot/ros2_node_template_ws/install/cpp_general_pkg/bin'
[0.427s] INFO:colcon.colcon_core.shell:Creating package script '/home/robot/ros2_node_template_ws/install/cpp_general_pkg/share/cpp_general_pkg/package.ps1'
[0.428s] INFO:colcon.colcon_core.shell:Creating package descriptor '/home/robot/ros2_node_template_ws/install/cpp_general_pkg/share/cpp_general_pkg/package.dsv'
[0.429s] INFO:colcon.colcon_core.shell:Creating package script '/home/robot/ros2_node_template_ws/install/cpp_general_pkg/share/cpp_general_pkg/package.sh'
[0.429s] INFO:colcon.colcon_core.shell:Creating package script '/home/robot/ros2_node_template_ws/install/cpp_general_pkg/share/cpp_general_pkg/package.bash'
[0.430s] INFO:colcon.colcon_core.shell:Creating package script '/home/robot/ros2_node_template_ws/install/cpp_general_pkg/share/cpp_general_pkg/package.zsh'
[0.431s] Level 1:colcon.colcon_core.environment:create_file_with_runtime_dependencies(/home/robot/ros2_node_template_ws/install/cpp_general_pkg/share/colcon-core/packages/cpp_general_pkg)
[0.431s] Level 1:colcon.colcon_core.environment:create_environment_scripts_only(cpp_general_pkg)
[0.432s] Level 1:colcon.colcon_core.environment:checking '/home/robot/ros2_node_template_ws/install/cpp_general_pkg' for CMake module files
[0.432s] Level 1:colcon.colcon_core.environment:checking '/home/robot/ros2_node_template_ws/install/cpp_general_pkg' for CMake config files
[0.432s] Level 1:colcon.colcon_core.shell:create_environment_hook('cpp_general_pkg', 'cmake_prefix_path')
[0.433s] INFO:colcon.colcon_core.shell:Creating environment hook '/home/robot/ros2_node_template_ws/install/cpp_general_pkg/share/cpp_general_pkg/hook/cmake_prefix_path.ps1'
[0.433s] INFO:colcon.colcon_core.shell:Creating environment descriptor '/home/robot/ros2_node_template_ws/install/cpp_general_pkg/share/cpp_general_pkg/hook/cmake_prefix_path.dsv'
[0.434s] INFO:colcon.colcon_core.shell:Creating environment hook '/home/robot/ros2_node_template_ws/install/cpp_general_pkg/share/cpp_general_pkg/hook/cmake_prefix_path.sh'
[0.435s] Level 1:colcon.colcon_core.environment:checking '/home/robot/ros2_node_template_ws/install/cpp_general_pkg/lib'
[0.435s] Level 1:colcon.colcon_core.environment:checking '/home/robot/ros2_node_template_ws/install/cpp_general_pkg/bin'
[0.435s] Level 1:colcon.colcon_core.environment:checking '/home/robot/ros2_node_template_ws/install/cpp_general_pkg/lib/pkgconfig/cpp_general_pkg.pc'
[0.435s] Level 1:colcon.colcon_core.environment:checking '/home/robot/ros2_node_template_ws/install/cpp_general_pkg/lib/python3.10/site-packages'
[0.435s] Level 1:colcon.colcon_core.environment:checking '/home/robot/ros2_node_template_ws/install/cpp_general_pkg/bin'
[0.436s] INFO:colcon.colcon_core.shell:Creating package script '/home/robot/ros2_node_template_ws/install/cpp_general_pkg/share/cpp_general_pkg/package.ps1'
[0.436s] INFO:colcon.colcon_core.shell:Creating package descriptor '/home/robot/ros2_node_template_ws/install/cpp_general_pkg/share/cpp_general_pkg/package.dsv'
[0.437s] INFO:colcon.colcon_core.shell:Creating package script '/home/robot/ros2_node_template_ws/install/cpp_general_pkg/share/cpp_general_pkg/package.sh'
[0.438s] INFO:colcon.colcon_core.shell:Creating package script '/home/robot/ros2_node_template_ws/install/cpp_general_pkg/share/cpp_general_pkg/package.bash'
[0.438s] INFO:colcon.colcon_core.shell:Creating package script '/home/robot/ros2_node_template_ws/install/cpp_general_pkg/share/cpp_general_pkg/package.zsh'
[0.438s] Level 1:colcon.colcon_core.environment:create_file_with_runtime_dependencies(/home/robot/ros2_node_template_ws/install/cpp_general_pkg/share/colcon-core/packages/cpp_general_pkg)
[0.645s] DEBUG:colcon.colcon_core.event_handler.log_command:Invoking command in '/home/robot/ros2_node_template_ws/src/python_general_pkg': PYTHONPATH=/home/robot/ros2_node_template_ws/build/python_general_pkg/prefix_override:/usr/lib/python3/dist-packages/colcon_core/task/python/colcon_distutils_commands:/home/robot/ros2_node_template_ws/install/python_general_pkg/lib/python3.10/site-packages:${PYTHONPATH} /usr/bin/python3 -W ignore:setup.py install is deprecated -W ignore:easy_install command is deprecated setup.py egg_info --egg-base ../../build/python_general_pkg build --build-base /home/robot/ros2_node_template_ws/build/python_general_pkg/build install --record /home/robot/ros2_node_template_ws/build/python_general_pkg/install.log --single-version-externally-managed install_data
[0.814s] Level 1:colcon.colcon_core.environment:checking '/home/robot/ros2_node_template_ws/install/python_general_pkg' for CMake module files
[0.815s] DEBUG:colcon.colcon_core.event_handler.log_command:Invoked command in '/home/robot/ros2_node_template_ws/src/python_general_pkg' returned '0': PYTHONPATH=/home/robot/ros2_node_template_ws/build/python_general_pkg/prefix_override:/usr/lib/python3/dist-packages/colcon_core/task/python/colcon_distutils_commands:/home/robot/ros2_node_template_ws/install/python_general_pkg/lib/python3.10/site-packages:${PYTHONPATH} /usr/bin/python3 -W ignore:setup.py install is deprecated -W ignore:easy_install command is deprecated setup.py egg_info --egg-base ../../build/python_general_pkg build --build-base /home/robot/ros2_node_template_ws/build/python_general_pkg/build install --record /home/robot/ros2_node_template_ws/build/python_general_pkg/install.log --single-version-externally-managed install_data
[0.816s] Level 1:colcon.colcon_core.environment:checking '/home/robot/ros2_node_template_ws/install/python_general_pkg' for CMake config files
[0.817s] Level 1:colcon.colcon_core.environment:checking '/home/robot/ros2_node_template_ws/install/python_general_pkg/lib'
[0.817s] Level 1:colcon.colcon_core.environment:checking '/home/robot/ros2_node_template_ws/install/python_general_pkg/bin'
[0.817s] Level 1:colcon.colcon_core.environment:checking '/home/robot/ros2_node_template_ws/install/python_general_pkg/lib/pkgconfig/python_general_pkg.pc'
[0.817s] Level 1:colcon.colcon_core.environment:checking '/home/robot/ros2_node_template_ws/install/python_general_pkg/lib/python3.10/site-packages'
[0.817s] Level 1:colcon.colcon_core.shell:create_environment_hook('python_general_pkg', 'pythonpath')
[0.817s] INFO:colcon.colcon_core.shell:Creating environment hook '/home/robot/ros2_node_template_ws/install/python_general_pkg/share/python_general_pkg/hook/pythonpath.ps1'
[0.818s] INFO:colcon.colcon_core.shell:Creating environment descriptor '/home/robot/ros2_node_template_ws/install/python_general_pkg/share/python_general_pkg/hook/pythonpath.dsv'
[0.818s] INFO:colcon.colcon_core.shell:Creating environment hook '/home/robot/ros2_node_template_ws/install/python_general_pkg/share/python_general_pkg/hook/pythonpath.sh'
[0.819s] Level 1:colcon.colcon_core.environment:checking '/home/robot/ros2_node_template_ws/install/python_general_pkg/bin'
[0.819s] Level 1:colcon.colcon_core.environment:create_environment_scripts_only(python_general_pkg)
[0.819s] INFO:colcon.colcon_core.shell:Creating package script '/home/robot/ros2_node_template_ws/install/python_general_pkg/share/python_general_pkg/package.ps1'
[0.820s] INFO:colcon.colcon_core.shell:Creating package descriptor '/home/robot/ros2_node_template_ws/install/python_general_pkg/share/python_general_pkg/package.dsv'
[0.820s] INFO:colcon.colcon_core.shell:Creating package script '/home/robot/ros2_node_template_ws/install/python_general_pkg/share/python_general_pkg/package.sh'
[0.821s] INFO:colcon.colcon_core.shell:Creating package script '/home/robot/ros2_node_template_ws/install/python_general_pkg/share/python_general_pkg/package.bash'
[0.821s] INFO:colcon.colcon_core.shell:Creating package script '/home/robot/ros2_node_template_ws/install/python_general_pkg/share/python_general_pkg/package.zsh'
[0.821s] Level 1:colcon.colcon_core.environment:create_file_with_runtime_dependencies(/home/robot/ros2_node_template_ws/install/python_general_pkg/share/colcon-core/packages/python_general_pkg)
[0.822s] DEBUG:colcon.colcon_parallel_executor.executor.parallel:closing loop
[0.822s] DEBUG:colcon.colcon_parallel_executor.executor.parallel:loop closed
[0.822s] DEBUG:colcon.colcon_parallel_executor.executor.parallel:run_until_complete finished with '0'
[0.822s] DEBUG:colcon.colcon_core.event_reactor:joining thread
[0.827s] INFO:colcon.colcon_core.plugin_system:Skipping extension 'colcon_notification.desktop_notification.terminal_notifier': Not used on non-Darwin systems
[0.827s] INFO:colcon.colcon_core.plugin_system:Skipping extension 'colcon_notification.desktop_notification.win32': Not used on non-Windows systems
[0.827s] INFO:colcon.colcon_notification.desktop_notification:Sending desktop notification using 'notify2'
[0.839s] DEBUG:colcon.colcon_core.event_reactor:joined thread
[0.839s] INFO:colcon.colcon_core.shell:Creating prefix script '/home/robot/ros2_node_template_ws/install/local_setup.ps1'
[0.841s] INFO:colcon.colcon_core.shell:Creating prefix util module '/home/robot/ros2_node_template_ws/install/_local_setup_util_ps1.py'
[0.842s] INFO:colcon.colcon_core.shell:Creating prefix chain script '/home/robot/ros2_node_template_ws/install/setup.ps1'
[0.843s] INFO:colcon.colcon_core.shell:Creating prefix script '/home/robot/ros2_node_template_ws/install/local_setup.sh'
[0.843s] INFO:colcon.colcon_core.shell:Creating prefix util module '/home/robot/ros2_node_template_ws/install/_local_setup_util_sh.py'
[0.843s] INFO:colcon.colcon_core.shell:Creating prefix chain script '/home/robot/ros2_node_template_ws/install/setup.sh'
[0.844s] INFO:colcon.colcon_core.shell:Creating prefix script '/home/robot/ros2_node_template_ws/install/local_setup.bash'
[0.844s] INFO:colcon.colcon_core.shell:Creating prefix chain script '/home/robot/ros2_node_template_ws/install/setup.bash'
[0.844s] INFO:colcon.colcon_core.shell:Creating prefix script '/home/robot/ros2_node_template_ws/install/local_setup.zsh'
[0.845s] INFO:colcon.colcon_core.shell:Creating prefix chain script '/home/robot/ros2_node_template_ws/install/setup.zsh'
